0.989, 0.004779867470395774626488685322, 100000@30, 15, 5, 
0.990, 0.004904626678973215276440264602, 100000@30, 15, 5, 
0.991, 0.005042104655877802038929009611, 100000@30, 15, 5, 
0.992, 0.005197668309370598073524631086, 100000@30, 15, 5, 
0.993, 0.005371494633942320848498845593, 100000@30, 15, 5, 
0.994, 0.005568988075312794034503231571, 100000@30, 15, 5, 
0.995, 0.005796686587881916282253846216, 100000@30, 15, 5, 
0.996, 0.006065889878091769815969960093, 100000@30, 15, 5, 
0.997, 0.006387466913819079711417735087, 100000@30, 15, 5, 
0.980, 0.004435201842481980562916192133, 40000@30, 15, 1, 
0.981, 0.004454806786141283134948596047, 40000@30, 15, 1, 
0.982, 0.004468968434383779676907488984, 40000@30, 15, 1, 
0.983, 0.004460543820363935232070767408, 40000@30, 15, 1, 
0.984, 0.004491800067914935388181674565, 40000@30, 15, 1, 
0.985, 0.004571051527046521910126194765, 40000@30, 15, 1, 
0.986, 0.004656552628103914456436340445, 40000@30, 15, 1, 
0.987, 0.004657529828069871880098139570, 40000@30, 15, 1, 
0.988, 0.004884429929530896843391669438, 40000@30, 15, 1, 
0.989, 0.004876164450886089578529893669, 40000@30, 15, 1, 
0.990, 0.004918064541931780689236689951, 40000@30, 15, 1, 
0.991, 0.005097168355802361599790741057, 40000@30, 15, 1, 
0.992, 0.005229150248019615265461157775, 40000@30, 15, 1, 
0.993, 0.005311326753117250317892715645, 40000@30, 15, 1, 
0.994, 0.005603510776867022260514720187, 40000@30, 15, 1, 
0.995, 0.005858142418852526418634664140, 40000@30, 15, 1, 
0.996, 0.006059180679471471432073432594, 40000@30, 15, 1, 
0.997, 0.006510007277684571453977725244, 40000@30, 15, 1, 
0.998, 0.006879526779228838822226929139, 40000@30, 15, 1, 

0.980, 15, 0.005468101123595505617977528089, 700@1, 15, 1, 
0.980, 15, 0.005468101123595505617977528089, 700@1, 15, 1, 
0.980, 15, 0.005468101123595505617977528089, 700@1, 15, 1, 
0.980, 15, 0.005468101123595505617977528089, 700@1, 15, 1, 
0.980, 15, 0.005468101123595505617977528089, 700@1, 15, 1, 
0.980, 15, 0.005468101123595505617977528089, 700@1, 15, 1, 
0.980, 15, 0.005468101123595505617977528089, 700@1, 15, 1, 
0.980, 15, 0.005468101123595505617977528089, 700@1, 15, 1, 
0.980, 15, 0.005468101123595505617977528089, 700@1, 15, 1, 
0.980, 15, 0.005468101123595505617977528089, 700@1, 15, 1, 
0.980, 15, 0.005468101123595505617977528089, 700@1, 15, 1, 
0.980, 15, 0.005468101123595505617977528089, 700@1, 15, 1, 
0.980, 15, 0.005468101123595505617977528089, 700@1, 15, 1, 
0.980, 15, 0.005468101123595505617977528089, 700@1, 15, 1, 
0.980, 15, 0.005468101123595505617977528089, 700@1, 15, 1, 
0.980, 15, 0.005468101123595505617977528089, 700@1, 15, 1, 
******************************, 
