987, 1, 
987, 900@DX!teta: 1, 15, 10, vtx:, 10, 90, 
sigma: , 9, 
[], 
------------------------------, 
****************************************, 
1, 0.000145, of, 27, records,   speed:, 0.000145, 
2, -0.001841, of, 11, records,   speed:, -0.000921, 
3, -0.000504, of, 5, records,   speed:, -0.000168, 
4, -0.000856, of, 8, records,   speed:, -0.000214, 
5, -0.000368, of, 4, records,   speed:, -7.4e-05, 
6, 0.002083, of, 3, records,   speed:, 0.000347, 
7, 0.001899, of, 5, records,   speed:, 0.000271, 
8, 0.000786, of, 3, records,   speed:, 9.8e-05, 
9, -0.000865, of, 2, records,   speed:, -9.6e-05, 
10, -0.00413, of, 1, records,   speed:, -0.000413, 
11, 0.000402, of, 4, records,   speed:, 3.7e-05, 
12, 0.003771, of, 1, records,   speed:, 0.000314, 
13, -0.002096, of, 1, records,   speed:, -0.000161, 
16, -0.000776, of, 1, records,   speed:, -4.9e-05, 
1, 0.002295, of, 27, records,   speed:, 0.002295, 
2, 0.003961, of, 11, records,   speed:, 0.00198, 
3, 0.001969, of, 5, records,   speed:, 0.000656, 
4, 0.002179, of, 8, records,   speed:, 0.000545, 
5, 0.003248, of, 4, records,   speed:, 0.00065, 
6, 0.002083, of, 3, records,   speed:, 0.000347, 
7, 0.003761, of, 5, records,   speed:, 0.000537, 
8, 0.00173, of, 3, records,   speed:, 0.000216, 
9, 0.002347, of, 2, records,   speed:, 0.000261, 
10, 0.00413, of, 1, records,   speed:, 0.000413, 
11, 0.002442, of, 4, records,   speed:, 0.000222, 
12, 0.003771, of, 1, records,   speed:, 0.000314, 
13, 0.002096, of, 1, records,   speed:, 0.000161, 
16, 0.000776, of, 1, records,   speed:, 4.9e-05, 
AVG error:, -0.0001636, of , 76, records, 
AVGerrorSpeed:, -8.85e-05, of , 76, records, 
AVGabsErr:, 0.0026485, of , 76, records speed, 
AVGabsErrSpeed:, 0.0013251, of , 76, records speed, 
****************************************************************************************************, 
 , 
987, 1, 
987, 1, 
987, 1, 
987, 1, 
987, 900@DX!teta: 1, 15, 10, vtx:, 10, 90, 
sigma: , 9, 
[], 
------------------------------, 
****************************************, 
1, 0.000143, of, 3572, records,   speed:, 0.000143, 
2, 0.000371, of, 1992, records,   speed:, 0.000186, 
3, 0.000322, of, 1118, records,   speed:, 0.000107, 
4, 0.000556, of, 627, records,   speed:, 0.000139, 
5, 0.000331, of, 395, records,   speed:, 6.6e-05, 
6, 0.000432, of, 269, records,   speed:, 7.2e-05, 
7, 0.000299, of, 192, records,   speed:, 4.3e-05, 
8, 0.000341, of, 120, records,   speed:, 4.3e-05, 
9, 0.000707, of, 93, records,   speed:, 7.9e-05, 
10, -0.000207, of, 69, records,   speed:, -2.1e-05, 
11, -8.3e-05, of, 65, records,   speed:, -8e-06, 
12, 0.001258, of, 48, records,   speed:, 0.000105, 
13, 0.000309, of, 40, records,   speed:, 2.4e-05, 
14, -0.000783, of, 30, records,   speed:, -5.6e-05, 
15, 0.000199, of, 27, records,   speed:, 1.3e-05, 
16, -6.5e-05, of, 14, records,   speed:, -4e-06, 
17, -0.000818, of, 23, records,   speed:, -4.8e-05, 
18, 0.000111, of, 22, records,   speed:, 6e-06, 
19, 0.000927, of, 14, records,   speed:, 4.9e-05, 
20, 0.000976, of, 15, records,   speed:, 4.9e-05, 
21, -0.00095, of, 15, records,   speed:, -4.5e-05, 
22, 0.00135, of, 11, records,   speed:, 6.1e-05, 
23, -0.000813, of, 5, records,   speed:, -3.5e-05, 
24, -4e-05, of, 6, records,   speed:, -2e-06, 
25, 0.001957, of, 8, records,   speed:, 7.8e-05, 
26, -0.003353, of, 4, records,   speed:, -0.000129, 
27, -0.000409, of, 5, records,   speed:, -1.5e-05, 
28, 0.001877, of, 5, records,   speed:, 6.7e-05, 
29, -0.002309, of, 5, records,   speed:, -8e-05, 
30, 0.003418, of, 4, records,   speed:, 0.000114, 
31, 0.001668, of, 6, records,   speed:, 5.4e-05, 
32, 0.002104, of, 3, records,   speed:, 6.6e-05, 
33, -0.000921, of, 5, records,   speed:, -2.8e-05, 
34, 0.003234, of, 3, records,   speed:, 9.5e-05, 
36, -0.002296, of, 3, records,   speed:, -6.4e-05, 
37, 0.003673, of, 1, records,   speed:, 9.9e-05, 
38, 0.000466, of, 5, records,   speed:, 1.2e-05, 
39, -0.00115, of, 3, records,   speed:, -2.9e-05, 
40, -0.000387, of, 3, records,   speed:, -1e-05, 
41, -0.002316, of, 4, records,   speed:, -5.6e-05, 
42, -0.000652, of, 1, records,   speed:, -1.6e-05, 
43, 0.001097, of, 2, records,   speed:, 2.6e-05, 
45, 0.002221, of, 2, records,   speed:, 4.9e-05, 
46, 0.00222, of, 1, records,   speed:, 4.8e-05, 
47, -0.000438, of, 1, records,   speed:, -9e-06, 
49, -0.001669, of, 2, records,   speed:, -3.4e-05, 
51, 0.000649, of, 2, records,   speed:, 1.3e-05, 
52, -0.00301, of, 1, records,   speed:, -5.8e-05, 
57, 0.002249, of, 1, records,   speed:, 3.9e-05, 
58, -9e-06, of, 1, records,   speed:, -0.0, 
59, -8.7e-05, of, 2, records,   speed:, -1e-06, 
60, -0.000414, of, 1, records,   speed:, -7e-06, 
62, 0.003887, of, 2, records,   speed:, 6.3e-05, 
63, -0.000258, of, 1, records,   speed:, -4e-06, 
66, -0.003041, of, 2, records,   speed:, -4.6e-05, 
67, 0.000547, of, 2, records,   speed:, 8e-06, 
68, 0.002303, of, 1, records,   speed:, 3.4e-05, 
69, -0.000258, of, 3, records,   speed:, -4e-06, 
70, 0.000488, of, 2, records,   speed:, 7e-06, 
71, -0.002795, of, 1, records,   speed:, -3.9e-05, 
72, 8e-06, of, 2, records,   speed:, 0.0, 
74, 0.004502, of, 1, records,   speed:, 6.1e-05, 
76, -0.001834, of, 1, records,   speed:, -2.4e-05, 
78, -0.000599, of, 1, records,   speed:, -8e-06, 
83, -0.00597, of, 2, records,   speed:, -7.2e-05, 
85, -0.00041, of, 2, records,   speed:, -5e-06, 
86, 0.002914, of, 1, records,   speed:, 3.4e-05, 
90, -0.000362, of, 1, records,   speed:, -4e-06, 
91, 0.000585, of, 1, records,   speed:, 6e-06, 
97, -0.001821, of, 1, records,   speed:, -1.9e-05, 
1, 0.00281, of, 3572, records,   speed:, 0.00281, 
2, 0.002843, of, 1992, records,   speed:, 0.001422, 
3, 0.002698, of, 1118, records,   speed:, 0.000899, 
4, 0.002532, of, 627, records,   speed:, 0.000633, 
5, 0.002459, of, 395, records,   speed:, 0.000492, 
6, 0.00256, of, 269, records,   speed:, 0.000427, 
7, 0.002611, of, 192, records,   speed:, 0.000373, 
8, 0.002117, of, 120, records,   speed:, 0.000265, 
9, 0.002851, of, 93, records,   speed:, 0.000317, 
10, 0.002535, of, 69, records,   speed:, 0.000253, 
11, 0.002595, of, 65, records,   speed:, 0.000236, 
12, 0.002673, of, 48, records,   speed:, 0.000223, 
13, 0.002885, of, 40, records,   speed:, 0.000222, 
14, 0.003123, of, 30, records,   speed:, 0.000223, 
15, 0.002811, of, 27, records,   speed:, 0.000187, 
16, 0.002476, of, 14, records,   speed:, 0.000155, 
17, 0.002575, of, 23, records,   speed:, 0.000151, 
18, 0.002951, of, 22, records,   speed:, 0.000164, 
19, 0.002498, of, 14, records,   speed:, 0.000131, 
20, 0.002455, of, 15, records,   speed:, 0.000123, 
21, 0.002392, of, 15, records,   speed:, 0.000114, 
22, 0.00338, of, 11, records,   speed:, 0.000154, 
23, 0.001444, of, 5, records,   speed:, 6.3e-05, 
24, 0.001859, of, 6, records,   speed:, 7.7e-05, 
25, 0.003063, of, 8, records,   speed:, 0.000123, 
26, 0.003556, of, 4, records,   speed:, 0.000137, 
27, 0.001283, of, 5, records,   speed:, 4.8e-05, 
28, 0.003233, of, 5, records,   speed:, 0.000115, 
29, 0.002309, of, 5, records,   speed:, 8e-05, 
30, 0.003418, of, 4, records,   speed:, 0.000114, 
31, 0.003571, of, 6, records,   speed:, 0.000115, 
32, 0.002104, of, 3, records,   speed:, 6.6e-05, 
33, 0.002488, of, 5, records,   speed:, 7.5e-05, 
34, 0.003234, of, 3, records,   speed:, 9.5e-05, 
36, 0.002743, of, 3, records,   speed:, 7.6e-05, 
37, 0.003673, of, 1, records,   speed:, 9.9e-05, 
38, 0.000852, of, 5, records,   speed:, 2.2e-05, 
39, 0.002708, of, 3, records,   speed:, 6.9e-05, 
40, 0.002554, of, 3, records,   speed:, 6.4e-05, 
41, 0.004801, of, 4, records,   speed:, 0.000117, 
42, 0.000652, of, 1, records,   speed:, 1.6e-05, 
43, 0.002328, of, 2, records,   speed:, 5.4e-05, 
45, 0.002221, of, 2, records,   speed:, 4.9e-05, 
46, 0.00222, of, 1, records,   speed:, 4.8e-05, 
47, 0.000438, of, 1, records,   speed:, 9e-06, 
49, 0.001669, of, 2, records,   speed:, 3.4e-05, 
51, 0.000649, of, 2, records,   speed:, 1.3e-05, 
52, 0.00301, of, 1, records,   speed:, 5.8e-05, 
57, 0.002249, of, 1, records,   speed:, 3.9e-05, 
58, 9e-06, of, 1, records,   speed:, 0.0, 
59, 0.001156, of, 2, records,   speed:, 2e-05, 
60, 0.000414, of, 1, records,   speed:, 7e-06, 
62, 0.003887, of, 2, records,   speed:, 6.3e-05, 
63, 0.000258, of, 1, records,   speed:, 4e-06, 
66, 0.003041, of, 2, records,   speed:, 4.6e-05, 
67, 0.002853, of, 2, records,   speed:, 4.3e-05, 
68, 0.002303, of, 1, records,   speed:, 3.4e-05, 
69, 0.002704, of, 3, records,   speed:, 3.9e-05, 
70, 0.000488, of, 2, records,   speed:, 7e-06, 
71, 0.002795, of, 1, records,   speed:, 3.9e-05, 
72, 0.004427, of, 2, records,   speed:, 6.1e-05, 
74, 0.004502, of, 1, records,   speed:, 6.1e-05, 
76, 0.001834, of, 1, records,   speed:, 2.4e-05, 
78, 0.000599, of, 1, records,   speed:, 8e-06, 
83, 0.00597, of, 2, records,   speed:, 7.2e-05, 
85, 0.003082, of, 2, records,   speed:, 3.6e-05, 
86, 0.002914, of, 1, records,   speed:, 3.4e-05, 
90, 0.000362, of, 1, records,   speed:, 4e-06, 
91, 0.000585, of, 1, records,   speed:, 6e-06, 
97, 0.001821, of, 1, records,   speed:, 1.9e-05, 
AVG error:, 0.0002729, of , 8893, records, 
AVGerrorSpeed:, 0.0001302, of , 8893, records, 
AVGabsErr:, 0.0027383, of , 8893, records speed, 
AVGabsErrSpeed:, 0.0016646, of , 8893, records speed, 
****************************************************************************************************, 
 , 
987, 1, 
987, 1, 
987, 1, 
987, 1, 
987, 1, 
987, 1, 
987, 1, 
987, 1, 
987, 1, 
987, 1, 
987, 1, 
987, 1, 
987, 1, 
987, 1, 
987, 1, 
987, 1, 
987, 1, 
987, 1, 
987, 1, 
987, 1, 
987, 900@DX!teta: 1, 15, 10, vtx:, 10, 90, 
sigma: , 9, 
[], 
------------------------------, 
****************************************, 
1, 2.8e-05, of, 1037, records,   speed:, 2.8e-05, 
2, -1.9e-05, of, 959, records,   speed:, -9e-06, 
3, 0.000125, of, 826, records,   speed:, 4.2e-05, 
4, 0.000529, of, 750, records,   speed:, 0.000132, 
5, 0.000319, of, 616, records,   speed:, 6.4e-05, 
6, 0.000487, of, 535, records,   speed:, 8.1e-05, 
7, 0.000192, of, 441, records,   speed:, 2.7e-05, 
8, 0.000495, of, 400, records,   speed:, 6.2e-05, 
10, 0.000371, of, 638, records,   speed:, 3.7e-05, 
12, 0.000256, of, 480, records,   speed:, 2.1e-05, 
100, 0.00036, of, 2263, records,   speed:, 4e-06, 
1, 0.002689, of, 1037, records,   speed:, 0.002689, 
2, 0.002909, of, 959, records,   speed:, 0.001454, 
3, 0.002799, of, 826, records,   speed:, 0.000933, 
4, 0.002865, of, 750, records,   speed:, 0.000716, 
5, 0.002844, of, 616, records,   speed:, 0.000569, 
6, 0.003029, of, 535, records,   speed:, 0.000505, 
7, 0.002785, of, 441, records,   speed:, 0.000398, 
8, 0.002657, of, 400, records,   speed:, 0.000332, 
10, 0.00264, of, 638, records,   speed:, 0.000264, 
12, 0.002775, of, 480, records,   speed:, 0.000231, 
100, 0.002534, of, 2263, records,   speed:, 2.5e-05, 
AVG error:, 0.0002712, of , 8945, records, 
AVGerrorSpeed:, 3.53e-05, of , 8945, records, 
AVGabsErr:, 0.0027337, of , 8945, records speed, 
AVGabsErrSpeed:, 0.0007553, of , 8945, records speed, 
****************************************************************************************************, 
 , 
987, 1, 
987, 1, 
987, 1, 
987, 1, 
987, 1, 
987, 1, 
987, 1, 
987, 1, 
987, 1, 
987, 1, 
987, 1, 
987, 900@DX!teta: 1, 15, 20, vtx:, 10, 90, 
sigma: , 9, 
[], 
------------------------------, 
****************************************, 
1, -4.2e-05, of, 1037, records,   speed:, -4.2e-05, 
2, -3.4e-05, of, 959, records,   speed:, -1.7e-05, 
3, 6.2e-05, of, 829, records,   speed:, 2.1e-05, 
4, 0.000523, of, 750, records,   speed:, 0.000131, 
5, 0.000184, of, 616, records,   speed:, 3.7e-05, 
6, 0.000594, of, 535, records,   speed:, 9.9e-05, 
7, -2.5e-05, of, 441, records,   speed:, -4e-06, 
8, 0.000319, of, 400, records,   speed:, 4e-05, 
10, 0.000384, of, 638, records,   speed:, 3.8e-05, 
12, 0.000258, of, 480, records,   speed:, 2.1e-05, 
100, 0.00043, of, 2263, records,   speed:, 4e-06, 
1, 0.003189, of, 1037, records,   speed:, 0.003189, 
2, 0.003283, of, 959, records,   speed:, 0.001642, 
3, 0.00318, of, 829, records,   speed:, 0.00106, 
4, 0.003223, of, 750, records,   speed:, 0.000806, 
5, 0.003357, of, 616, records,   speed:, 0.000671, 
6, 0.00345, of, 535, records,   speed:, 0.000575, 
7, 0.003038, of, 441, records,   speed:, 0.000434, 
8, 0.00297, of, 400, records,   speed:, 0.000371, 
10, 0.002942, of, 638, records,   speed:, 0.000294, 
12, 0.003319, of, 480, records,   speed:, 0.000277, 
100, 0.00292, of, 2263, records,   speed:, 2.9e-05, 
AVG error:, 0.000252, of , 8948, records, 
AVGerrorSpeed:, 2.12e-05, of , 8948, records, 
AVGabsErr:, 0.0031323, of , 8948, records speed, 
AVGabsErrSpeed:, 0.000873, of , 8948, records speed, 
****************************************************************************************************, 
 , 
987, 1, 
987, 1, 
987, 1, 
987, 1, 
987, 1, 
987, 1, 
987, 1, 
987, 1, 
987, 1, 
987, 1, 
987, 1, 
987, 1, 
987, 1, 
987, 1, 
987, 1, 
987, 1, 
987, 1, 
987, 1, 
987, 1, 
987, 1, 
987, 1, 
987, 1, 
987, 1, 
987, 1, 
987, 1, 
987, 1, 
987, 1, 
987, 1, 
987, 1, 
987, 1, 
987, 1, 
987, 1, 
987, 1, 
987, 1, 
987, 1, 
987, 1, 
987, 1, 
987, 1, 
987, 1, 
987, 1, 
987, 1, 
987, 1, 
987, 1, 
987, 1, 
987, 1, 
987, 1, 
987, 1, 
987, 1, 
987, 1, 
987, 1, 
987, 1, 
987, 1, 
987, 1, 
987, 1, 
987, 1, 
987, 1, 
987, 1, 
987, 1, 
987, 1, 
987, 1, 
987, 1, 
987, 1, 
987, 1, 
987, 1, 
987, 1, 
987, 1, 
987, 1, 
987, 1, 
987, 1, 
987, 1, 
987, 1, 
987, 1, 
987, 1, 
987, 1, 
987, 900@DX!teta: 1, 15, 2, vtx:, 10, 90, 
sigma: , 9, 
[], 
------------------------------, 
****************************************, 
987, 1, 
987, 1, 
987, 900@DX!teta: 1, 15, 2, vtx:, 10, 90, 
sigma: , 9, 
[], 
------------------------------, 
****************************************, 
987, 1, 
987, 900@DX!teta: 1, 15, 2, vtx:, 10, 90, 
sigma: , 9, 
[], 
------------------------------, 
****************************************, 
987, 1, 
987, 900@DX!teta: 1, 15, 2, vtx:, 10, 90, 
sigma: , 9, 
[], 
------------------------------, 
****************************************, 
987, 1, 
987, 900@DX!teta: 1, 15, 2, vtx:, 10, 90, 
sigma: , 9, 
[], 
------------------------------, 
****************************************, 
987, 1, 
987, 1, 
987, 1, 
987, 1, 
987, 1, 
987, 1, 
987, 1, 
987, 1, 
987, 1, 
987, 1, 
987, 1, 
987, 1, 
987, 1, 
987, 1, 
987, 1, 
987, 1, 
987, 1, 
987, 1, 
987, 1, 
987, 1, 
987, 1, 
987, 1, 
987, 1, 
987, 1, 
987, 1, 
987, 1, 
987, 1, 
987, 1, 
