0.98, 1000@20, 15, 2, vtx:, 10, 90, 
sigma: , 9, 
[], 
------------------------------, 
****************************************, 
-14, -0.003831, of, 1, records,   speed:, -0.000274, 
-9, -0.002308, of, 1, records,   speed:, -0.000256, 
-7, -0.000464, of, 1, records,   speed:, -6.6e-05, 
-6, -0.001056, of, 1, records,   speed:, -0.000176, 
-4, -0.001404, of, 3, records,   speed:, -0.000351, 
-3, -0.00168, of, 6, records,   speed:, -0.00056, 
-2, -0.000666, of, 5, records,   speed:, -0.000333, 
-1, -0.001058, of, 12, records,   speed:, -0.001058, 
1, -0.001438, of, 6, records,   speed:, -0.001438, 
2, -0.000499, of, 5, records,   speed:, -0.00025, 
3, -0.001649, of, 3, records,   speed:, -0.00055, 
4, -0.002118, of, 1, records,   speed:, -0.000529, 
5, -0.001908, of, 2, records,   speed:, -0.000382, 
6, 0.001969, of, 2, records,   speed:, 0.000328, 
8, -0.001847, of, 1, records,   speed:, -0.000231, 
9, 0.000165, of, 2, records,   speed:, 1.8e-05, 
0.98, 65000@20, 15, 2, vtx:, 10, 90, 
sigma: , 9, 
[], 
------------------------------, 
****************************************, 
-100, 0.002443, of, 1, records,   speed:, 2.4e-05, 
-97, 0.00356, of, 1, records,   speed:, 3.7e-05, 
-76, 0.00039, of, 1, records,   speed:, 5e-06, 
-75, 0.000662, of, 1, records,   speed:, 9e-06, 
-69, 0.003528, of, 1, records,   speed:, 5.1e-05, 
-63, -0.001145, of, 1, records,   speed:, -1.8e-05, 
-58, -1e-06, of, 1, records,   speed:, -0.0, 
-52, -0.000182, of, 1, records,   speed:, -4e-06, 
-50, 0.001844, of, 2, records,   speed:, 3.7e-05, 
-49, -0.0, of, 1, records,   speed:, -0.0, 
-45, -0.000297, of, 1, records,   speed:, -7e-06, 
-43, 0.001448, of, 1, records,   speed:, 3.4e-05, 
-42, -2.4e-05, of, 1, records,   speed:, -1e-06, 
-40, -4e-06, of, 1, records,   speed:, -0.0, 
-39, -0.000504, of, 3, records,   speed:, -1.3e-05, 
-38, -0.001542, of, 3, records,   speed:, -4.1e-05, 
-37, -0.003511, of, 2, records,   speed:, -9.5e-05, 
-36, -0.006747, of, 1, records,   speed:, -0.000187, 
-35, -0.002874, of, 3, records,   speed:, -8.2e-05, 
-34, 0.002132, of, 1, records,   speed:, 6.3e-05, 
-33, -0.000822, of, 1, records,   speed:, -2.5e-05, 
-32, -0.001386, of, 1, records,   speed:, -4.3e-05, 
-31, -0.002439, of, 1, records,   speed:, -7.9e-05, 
-30, -0.000526, of, 2, records,   speed:, -1.8e-05, 
-29, -0.003056, of, 1, records,   speed:, -0.000105, 
-28, -0.002982, of, 5, records,   speed:, -0.000106, 
-27, -0.00159, of, 3, records,   speed:, -5.9e-05, 
-26, -0.002576, of, 5, records,   speed:, -9.9e-05, 
-25, -0.000623, of, 2, records,   speed:, -2.5e-05, 
-24, -0.002213, of, 5, records,   speed:, -9.2e-05, 
-23, -0.000987, of, 4, records,   speed:, -4.3e-05, 
-22, -6.9e-05, of, 1, records,   speed:, -3e-06, 
-21, -6.2e-05, of, 10, records,   speed:, -3e-06, 
-20, -0.002205, of, 15, records,   speed:, -0.00011, 
-19, -0.000892, of, 14, records,   speed:, -4.7e-05, 
-18, -0.001442, of, 10, records,   speed:, -8e-05, 
-17, 0.000355, of, 8, records,   speed:, 2.1e-05, 
-16, -0.001645, of, 12, records,   speed:, -0.000103, 
-15, -0.001846, of, 14, records,   speed:, -0.000123, 
-14, -0.00039, of, 24, records,   speed:, -2.8e-05, 
-13, -0.001675, of, 35, records,   speed:, -0.000129, 
-12, -0.000989, of, 24, records,   speed:, -8.2e-05, 
-11, -0.001447, of, 52, records,   speed:, -0.000132, 
-10, -0.001067, of, 54, records,   speed:, -0.000107, 
-9, -0.001447, of, 65, records,   speed:, -0.000161, 
-8, -0.002029, of, 95, records,   speed:, -0.000254, 
-7, -0.001303, of, 105, records,   speed:, -0.000186, 
-6, -0.001725, of, 156, records,   speed:, -0.000287, 
-5, -0.00145, of, 183, records,   speed:, -0.00029, 
-4, -0.001258, of, 221, records,   speed:, -0.000314, 
-3, -0.000876, of, 287, records,   speed:, -0.000292, 
-2, -0.000771, of, 279, records,   speed:, -0.000385, 
-1, -0.00035, of, 489, records,   speed:, -0.00035, 
1, 0.000172, of, 484, records,   speed:, 0.000172, 
2, 0.000409, of, 284, records,   speed:, 0.000204, 
3, 0.000765, of, 229, records,   speed:, 0.000255, 
4, 0.000863, of, 180, records,   speed:, 0.000216, 
5, 0.001699, of, 166, records,   speed:, 0.00034, 
6, 0.001028, of, 104, records,   speed:, 0.000171, 
7, 0.000952, of, 92, records,   speed:, 0.000136, 
8, 0.001575, of, 92, records,   speed:, 0.000197, 
9, 0.001676, of, 63, records,   speed:, 0.000186, 
10, 0.001971, of, 57, records,   speed:, 0.000197, 
11, 0.001645, of, 30, records,   speed:, 0.00015, 
12, 0.002809, of, 35, records,   speed:, 0.000234, 
13, 0.003234, of, 24, records,   speed:, 0.000249, 
14, 0.000933, of, 22, records,   speed:, 6.7e-05, 
15, 0.001911, of, 17, records,   speed:, 0.000127, 
16, 0.000472, of, 16, records,   speed:, 3e-05, 
17, 0.002003, of, 14, records,   speed:, 0.000118, 
18, 0.001169, of, 13, records,   speed:, 6.5e-05, 
19, 0.000455, of, 13, records,   speed:, 2.4e-05, 
20, 0.000539, of, 11, records,   speed:, 2.7e-05, 
21, 0.001453, of, 5, records,   speed:, 6.9e-05, 
22, 0.002024, of, 5, records,   speed:, 9.2e-05, 
23, -0.000903, of, 9, records,   speed:, -3.9e-05, 
24, 0.001818, of, 10, records,   speed:, 7.6e-05, 
25, 0.002413, of, 6, records,   speed:, 9.7e-05, 
26, 0.000794, of, 3, records,   speed:, 3.1e-05, 
27, 0.001251, of, 5, records,   speed:, 4.6e-05, 
28, 0.001068, of, 2, records,   speed:, 3.8e-05, 
29, 0.002036, of, 3, records,   speed:, 7e-05, 
30, 0.003356, of, 3, records,   speed:, 0.000112, 
31, -0.003295, of, 1, records,   speed:, -0.000106, 
32, 0.000435, of, 2, records,   speed:, 1.4e-05, 
33, -0.000565, of, 2, records,   speed:, -1.7e-05, 
34, 0.007406, of, 1, records,   speed:, 0.000218, 
35, 0.002268, of, 1, records,   speed:, 6.5e-05, 
36, 0.000122, of, 1, records,   speed:, 3e-06, 
37, 0.001978, of, 1, records,   speed:, 5.3e-05, 
38, 0.002635, of, 1, records,   speed:, 6.9e-05, 
39, -0.001875, of, 2, records,   speed:, -4.8e-05, 
41, 0.001821, of, 2, records,   speed:, 4.4e-05, 
43, 5.9e-05, of, 1, records,   speed:, 1e-06, 
45, 0.001755, of, 1, records,   speed:, 3.9e-05, 
46, 0.002843, of, 1, records,   speed:, 6.2e-05, 
47, -0.000629, of, 1, records,   speed:, -1.3e-05, 
51, -0.013191, of, 1, records,   speed:, -0.000259, 
61, 0.002843, of, 1, records,   speed:, 4.7e-05, 
69, 0.00041, of, 2, records,   speed:, 6e-06, 
75, -0.000246, of, 1, records,   speed:, -3e-06, 
90, 0.000153, of, 1, records,   speed:, 2e-06, 

0.98, 65000@DX!teta: 0.0, 15, 2, vtx:, 10, 90, 
sigma: , 9, 
[], 
------------------------------, 
****************************************, 
-99, 0.00356, of, 1, records,   speed:, 3.6e-05, 
-75, -1e-06, of, 1, records,   speed:, -0.0, 
-73, 5e-06, of, 1, records,   speed:, 0.0, 
-63, -7.6e-05, of, 1, records,   speed:, -1e-06, 
-55, -2.3e-05, of, 1, records,   speed:, -0.0, 
-43, 0.000129, of, 1, records,   speed:, 3e-06, 
-41, -0.000637, of, 1, records,   speed:, -1.6e-05, 
-35, -0.000462, of, 1, records,   speed:, -1.3e-05, 
-33, -0.000914, of, 1, records,   speed:, -2.8e-05, 
-31, -0.000929, of, 1, records,   speed:, -3e-05, 
-30, -0.005283, of, 4, records,   speed:, -0.000176, 
-28, -0.000368, of, 2, records,   speed:, -1.3e-05, 
-27, 0.001448, of, 1, records,   speed:, 5.4e-05, 
-25, -0.002438, of, 1, records,   speed:, -9.8e-05, 
-24, -0.002341, of, 6, records,   speed:, -9.8e-05, 
-23, -0.006103, of, 2, records,   speed:, -0.000265, 
-22, -0.002058, of, 3, records,   speed:, -9.4e-05, 
-21, -0.002552, of, 3, records,   speed:, -0.000122, 
-20, 0.001051, of, 2, records,   speed:, 5.3e-05, 
-19, -0.00075, of, 6, records,   speed:, -3.9e-05, 
-18, -0.001688, of, 12, records,   speed:, -9.4e-05, 
-17, 9.8e-05, of, 9, records,   speed:, 6e-06, 
-16, -0.00107, of, 10, records,   speed:, -6.7e-05, 
-15, -0.001833, of, 11, records,   speed:, -0.000122, 
-14, -0.000407, of, 16, records,   speed:, -2.9e-05, 
-13, -0.000391, of, 30, records,   speed:, -3e-05, 
-12, -0.002692, of, 17, records,   speed:, -0.000224, 
-11, -0.001181, of, 29, records,   speed:, -0.000107, 
-10, -0.000894, of, 39, records,   speed:, -8.9e-05, 
-9, -0.001746, of, 48, records,   speed:, -0.000194, 
-8, -0.001906, of, 83, records,   speed:, -0.000238, 
-7, -0.001324, of, 96, records,   speed:, -0.000189, 
-6, -0.001367, of, 141, records,   speed:, -0.000228, 
-5, -0.001645, of, 176, records,   speed:, -0.000329, 
-4, -0.001225, of, 222, records,   speed:, -0.000306, 
-3, -0.001179, of, 276, records,   speed:, -0.000393, 
-2, -0.000923, of, 329, records,   speed:, -0.000461, 
-1, -0.00056, of, 599, records,   speed:, -0.00056, 
1, 0.000112, of, 592, records,   speed:, 0.000112, 
2, 0.00058, of, 301, records,   speed:, 0.00029, 
3, 0.001106, of, 265, records,   speed:, 0.000369, 
4, 0.001167, of, 195, records,   speed:, 0.000292, 
5, 0.001642, of, 132, records,   speed:, 0.000328, 
6, 0.001869, of, 103, records,   speed:, 0.000311, 
7, 0.001564, of, 78, records,   speed:, 0.000223, 
8, 0.001266, of, 63, records,   speed:, 0.000158, 
9, 0.00259, of, 40, records,   speed:, 0.000288, 
10, 0.001547, of, 38, records,   speed:, 0.000155, 
11, 0.001589, of, 29, records,   speed:, 0.000144, 
12, 0.002753, of, 26, records,   speed:, 0.000229, 
13, 0.001748, of, 23, records,   speed:, 0.000134, 
14, 0.003166, of, 9, records,   speed:, 0.000226, 
15, 0.001937, of, 20, records,   speed:, 0.000129, 
16, 0.001283, of, 14, records,   speed:, 8e-05, 
17, -3.6e-05, of, 4, records,   speed:, -2e-06, 
18, 0.002006, of, 6, records,   speed:, 0.000111, 
19, 0.001214, of, 5, records,   speed:, 6.4e-05, 
20, 0.002554, of, 4, records,   speed:, 0.000128, 
21, 0.001985, of, 2, records,   speed:, 9.5e-05, 
22, 0.001264, of, 4, records,   speed:, 5.7e-05, 
23, 0.000378, of, 1, records,   speed:, 1.6e-05, 
24, 0.001592, of, 1, records,   speed:, 6.6e-05, 
25, 0.001897, of, 3, records,   speed:, 7.6e-05, 
26, 0.002634, of, 1, records,   speed:, 0.000101, 
27, 0.00315, of, 1, records,   speed:, 0.000117, 
29, 0.001788, of, 2, records,   speed:, 6.2e-05, 
31, 0.003215, of, 2, records,   speed:, 0.000104, 
32, 0.001978, of, 1, records,   speed:, 6.2e-05, 
34, -0.00487, of, 1, records,   speed:, -0.000143, 
35, 0.002186, of, 1, records,   speed:, 6.2e-05, 
37, 0.002843, of, 1, records,   speed:, 7.7e-05, 
38, 0.000334, of, 1, records,   speed:, 9e-06, 
40, 0.001094, of, 3, records,   speed:, 2.7e-05, 
41, 0.001119, of, 1, records,   speed:, 2.7e-05, 
42, 0.002793, of, 1, records,   speed:, 6.6e-05, 
44, -0.000629, of, 1, records,   speed:, -1.4e-05, 
47, 5.9e-05, of, 1, records,   speed:, 1e-06, 
53, 0.004177, of, 1, records,   speed:, 7.9e-05, 
66, 0.000153, of, 1, records,   speed:, 2e-06, 
0.98, 65000@DX!teta: 1.1, 15, 2, vtx:, 10, 90, 
sigma: , 9, 
[], 
------------------------------, 
****************************************, 
-96, 0.00356, of, 1, records,   speed:, 3.7e-05, 
-82, 0.000662, of, 1, records,   speed:, 8e-06, 
-76, 0.003528, of, 1, records,   speed:, 4.6e-05, 
-73, 0.00039, of, 1, records,   speed:, 5e-06, 
-69, -0.001145, of, 1, records,   speed:, -1.7e-05, 
-62, -1e-06, of, 1, records,   speed:, -0.0, 
-57, -0.000182, of, 1, records,   speed:, -3e-06, 
-56, 0.004325, of, 1, records,   speed:, 7.7e-05, 
-53, -0.0, of, 1, records,   speed:, -0.0, 
-50, -0.000637, of, 1, records,   speed:, -1.3e-05, 
-48, -0.000297, of, 1, records,   speed:, -6e-06, 
-45, 0.001448, of, 1, records,   speed:, 3.2e-05, 
-44, -2.4e-05, of, 1, records,   speed:, -1e-06, 
-43, 0.001742, of, 2, records,   speed:, 4.1e-05, 
-42, -0.002564, of, 1, records,   speed:, -6.1e-05, 
-41, -0.002438, of, 1, records,   speed:, -5.9e-05, 
-39, -0.001542, of, 3, records,   speed:, -4e-05, 
-38, -0.006653, of, 2, records,   speed:, -0.000175, 
-37, -0.002271, of, 4, records,   speed:, -6.1e-05, 
-36, 0.002132, of, 1, records,   speed:, 5.9e-05, 
-35, -0.000822, of, 1, records,   speed:, -2.3e-05, 
-33, -0.001386, of, 1, records,   speed:, -4.2e-05, 
-32, -0.001163, of, 3, records,   speed:, -3.6e-05, 
-31, -0.003056, of, 1, records,   speed:, -9.9e-05, 
-29, -0.001887, of, 7, records,   speed:, -6.5e-05, 
-27, -0.003684, of, 5, records,   speed:, -0.000136, 
-26, 0.000154, of, 1, records,   speed:, 6e-06, 
-25, -0.001423, of, 6, records,   speed:, -5.7e-05, 
-24, -0.000559, of, 4, records,   speed:, -2.3e-05, 
-23, -0.001443, of, 4, records,   speed:, -6.3e-05, 
-22, 0.000879, of, 6, records,   speed:, 4e-05, 
-21, -0.002554, of, 12, records,   speed:, -0.000122, 
-20, -0.001207, of, 14, records,   speed:, -6e-05, 
-19, -0.001611, of, 10, records,   speed:, -8.5e-05, 
-18, -0.001194, of, 8, records,   speed:, -6.6e-05, 
-17, -0.001232, of, 12, records,   speed:, -7.2e-05, 
-16, 0.000499, of, 10, records,   speed:, 3.1e-05, 
-15, -0.001642, of, 20, records,   speed:, -0.000109, 
-14, -0.000891, of, 33, records,   speed:, -6.4e-05, 
-13, -0.001539, of, 22, records,   speed:, -0.000118, 
-12, -0.001104, of, 30, records,   speed:, -9.2e-05, 
-11, -0.002191, of, 49, records,   speed:, -0.000199, 
-10, -0.000734, of, 58, records,   speed:, -7.3e-05, 
-9, -0.001311, of, 78, records,   speed:, -0.000146, 
-8, -0.002307, of, 90, records,   speed:, -0.000288, 
-7, -0.001202, of, 110, records,   speed:, -0.000172, 
-6, -0.001644, of, 153, records,   speed:, -0.000274, 
-5, -0.001466, of, 179, records,   speed:, -0.000293, 
-4, -0.00138, of, 223, records,   speed:, -0.000345, 
-3, -0.000718, of, 282, records,   speed:, -0.000239, 
-2, -0.000745, of, 271, records,   speed:, -0.000373, 
-1, -0.000345, of, 486, records,   speed:, -0.000345, 
1, 0.000238, of, 485, records,   speed:, 0.000238, 
2, 0.000358, of, 259, records,   speed:, 0.000179, 
3, 0.000596, of, 240, records,   speed:, 0.000199, 
4, 0.001049, of, 175, records,   speed:, 0.000262, 
5, 0.001616, of, 167, records,   speed:, 0.000323, 
6, 0.001012, of, 100, records,   speed:, 0.000169, 
7, 0.00076, of, 103, records,   speed:, 0.000109, 
8, 0.00182, of, 76, records,   speed:, 0.000227, 
9, 0.001602, of, 84, records,   speed:, 0.000178, 
10, 0.001809, of, 54, records,   speed:, 0.000181, 
11, 0.001679, of, 33, records,   speed:, 0.000153, 
12, 0.002868, of, 29, records,   speed:, 0.000239, 
13, 0.003443, of, 30, records,   speed:, 0.000265, 
14, 0.000692, of, 21, records,   speed:, 4.9e-05, 
15, 0.000747, of, 14, records,   speed:, 5e-05, 
16, 0.00161, of, 22, records,   speed:, 0.000101, 
17, 0.002462, of, 12, records,   speed:, 0.000145, 
18, 0.001083, of, 13, records,   speed:, 6e-05, 
19, 0.000549, of, 15, records,   speed:, 2.9e-05, 
20, 0.00024, of, 9, records,   speed:, 1.2e-05, 
21, 0.000729, of, 8, records,   speed:, 3.5e-05, 
22, 0.001389, of, 6, records,   speed:, 6.3e-05, 
23, 0.002652, of, 4, records,   speed:, 0.000115, 
24, -0.00074, of, 8, records,   speed:, -3.1e-05, 
25, -0.000227, of, 5, records,   speed:, -9e-06, 
26, 0.001738, of, 9, records,   speed:, 6.7e-05, 
27, 0.002846, of, 4, records,   speed:, 0.000105, 
28, 0.001164, of, 4, records,   speed:, 4.2e-05, 
29, 0.002749, of, 3, records,   speed:, 9.5e-05, 
30, 0.000748, of, 4, records,   speed:, 2.5e-05, 
31, 0.002092, of, 3, records,   speed:, 6.7e-05, 
32, -0.003295, of, 1, records,   speed:, -0.000103, 
33, 0.000694, of, 1, records,   speed:, 2.1e-05, 
34, 0.002324, of, 2, records,   speed:, 6.8e-05, 
35, 0.003138, of, 2, records,   speed:, 9e-05, 
37, 0.000797, of, 3, records,   speed:, 2.2e-05, 
38, 0.001978, of, 1, records,   speed:, 5.2e-05, 
39, 0.001119, of, 1, records,   speed:, 2.9e-05, 
40, -0.001117, of, 2, records,   speed:, -2.8e-05, 
41, 0.000334, of, 1, records,   speed:, 8e-06, 
42, 5.9e-05, of, 1, records,   speed:, 1e-06, 
45, 0.003309, of, 1, records,   speed:, 7.4e-05, 
47, 0.001323, of, 3, records,   speed:, 2.8e-05, 
60, -0.013191, of, 1, records,   speed:, -0.00022, 
64, 0.002843, of, 1, records,   speed:, 4.4e-05, 
71, 0.004177, of, 1, records,   speed:, 5.9e-05, 
78, -0.003357, of, 1, records,   speed:, -4.3e-05, 
82, -0.000246, of, 1, records,   speed:, -3e-06, 
93, 0.000448, of, 2, records,   speed:, 5e-06, 
0.98, 65000@DX!teta: 0.5, 15, 2, vtx:, 10, 90, 
sigma: , 9, 
[], 
------------------------------, 
****************************************, 
-98, 0.00356, of, 1, records,   speed:, 3.6e-05, 
-92, -1e-06, of, 1, records,   speed:, -0.0, 
-89, 0.00039, of, 1, records,   speed:, 4e-06, 
-74, 0.002259, of, 1, records,   speed:, 3.1e-05, 
-58, 0.002443, of, 1, records,   speed:, 4.2e-05, 
-45, -0.000637, of, 1, records,   speed:, -1.4e-05, 
-41, 0.000662, of, 1, records,   speed:, 1.6e-05, 
-36, 0.001022, of, 3, records,   speed:, 2.8e-05, 
-35, 0.000267, of, 2, records,   speed:, 8e-06, 
-34, -0.002589, of, 1, records,   speed:, -7.6e-05, 
-33, -0.001145, of, 1, records,   speed:, -3.5e-05, 
-32, -0.002438, of, 1, records,   speed:, -7.6e-05, 
-30, -0.001647, of, 4, records,   speed:, -5.5e-05, 
-29, -0.000745, of, 3, records,   speed:, -2.6e-05, 
-28, -0.001026, of, 2, records,   speed:, -3.7e-05, 
-27, -0.003015, of, 5, records,   speed:, -0.000112, 
-26, 0.000323, of, 2, records,   speed:, 1.2e-05, 
-25, -0.005287, of, 3, records,   speed:, -0.000211, 
-24, -0.003143, of, 2, records,   speed:, -0.000131, 
-23, -0.001317, of, 7, records,   speed:, -5.7e-05, 
-22, -0.001387, of, 4, records,   speed:, -6.3e-05, 
-21, -0.001359, of, 6, records,   speed:, -6.5e-05, 
-20, -0.00096, of, 4, records,   speed:, -4.8e-05, 
-19, -0.000987, of, 7, records,   speed:, -5.2e-05, 
-18, -0.001579, of, 11, records,   speed:, -8.8e-05, 
-17, -0.00144, of, 9, records,   speed:, -8.5e-05, 
-16, -0.000872, of, 13, records,   speed:, -5.4e-05, 
-15, -0.000488, of, 16, records,   speed:, -3.3e-05, 
-14, -0.00245, of, 16, records,   speed:, -0.000175, 
-13, -0.000343, of, 24, records,   speed:, -2.6e-05, 
-12, -0.001167, of, 22, records,   speed:, -9.7e-05, 
-11, -0.001551, of, 32, records,   speed:, -0.000141, 
-10, -0.001111, of, 50, records,   speed:, -0.000111, 
-9, -0.001773, of, 73, records,   speed:, -0.000197, 
-8, -0.001612, of, 82, records,   speed:, -0.000201, 
-7, -0.001281, of, 100, records,   speed:, -0.000183, 
-6, -0.001562, of, 145, records,   speed:, -0.00026, 
-5, -0.001541, of, 195, records,   speed:, -0.000308, 
-4, -0.001337, of, 213, records,   speed:, -0.000334, 
-3, -0.001093, of, 284, records,   speed:, -0.000364, 
-2, -0.00079, of, 311, records,   speed:, -0.000395, 
-1, -0.000638, of, 533, records,   speed:, -0.000638, 
1, 0.000159, of, 550, records,   speed:, 0.000159, 
2, 0.000549, of, 290, records,   speed:, 0.000275, 
3, 0.000938, of, 239, records,   speed:, 0.000313, 
4, 0.001108, of, 200, records,   speed:, 0.000277, 
5, 0.00115, of, 151, records,   speed:, 0.00023, 
6, 0.001793, of, 103, records,   speed:, 0.000299, 
7, 0.001593, of, 77, records,   speed:, 0.000228, 
8, 0.001841, of, 80, records,   speed:, 0.00023, 
9, 0.001839, of, 56, records,   speed:, 0.000204, 
10, 0.002211, of, 43, records,   speed:, 0.000221, 
11, 0.001628, of, 32, records,   speed:, 0.000148, 
12, 0.001481, of, 24, records,   speed:, 0.000123, 
13, 0.002229, of, 25, records,   speed:, 0.000171, 
14, 0.00222, of, 23, records,   speed:, 0.000159, 
15, 0.001636, of, 15, records,   speed:, 0.000109, 
16, 0.000916, of, 23, records,   speed:, 5.7e-05, 
17, -4.8e-05, of, 13, records,   speed:, -3e-06, 
18, 0.00145, of, 11, records,   speed:, 8.1e-05, 
19, 0.002677, of, 5, records,   speed:, 0.000141, 
20, 0.000976, of, 5, records,   speed:, 4.9e-05, 
21, 0.001688, of, 6, records,   speed:, 8e-05, 
22, 0.001505, of, 4, records,   speed:, 6.8e-05, 
23, 0.00231, of, 2, records,   speed:, 0.0001, 
24, 0.000176, of, 1, records,   speed:, 7e-06, 
25, 0.003683, of, 3, records,   speed:, 0.000147, 
26, -0.001292, of, 3, records,   speed:, -5e-05, 
27, 0.002106, of, 3, records,   speed:, 7.8e-05, 
28, 0.002893, of, 2, records,   speed:, 0.000103, 
29, 0.000122, of, 1, records,   speed:, 4e-06, 
30, 0.000694, of, 1, records,   speed:, 2.3e-05, 
32, 0.002186, of, 1, records,   speed:, 6.8e-05, 
33, 0.000219, of, 2, records,   speed:, 7e-06, 
35, 0.001867, of, 2, records,   speed:, 5.3e-05, 
37, -0.00487, of, 1, records,   speed:, -0.000132, 
39, 4.4e-05, of, 2, records,   speed:, 1e-06, 
40, 0.001119, of, 1, records,   speed:, 2.8e-05, 
43, 0.002843, of, 1, records,   speed:, 6.6e-05, 
45, 5.9e-05, of, 1, records,   speed:, 1e-06, 
46, -0.000629, of, 1, records,   speed:, -1.4e-05, 
49, 0.002843, of, 1, records,   speed:, 5.8e-05, 
61, 0.004177, of, 1, records,   speed:, 6.8e-05, 
78, 0.000153, of, 1, records,   speed:, 2e-06, 

0.98, 900@DX!teta: 0.0, 15, 2, vtx:, 10, 90, 
sigma: , 9, 
[], 
------------------------------, 
****************************************, 
-20, 0.001051, of, 2, records,   speed:, 5.3e-05, 
-19, -0.00075, of, 6, records,   speed:, -3.9e-05, 
-18, -0.001688, of, 12, records,   speed:, -9.4e-05, 
-17, 9.8e-05, of, 9, records,   speed:, 6e-06, 
-16, -0.00107, of, 10, records,   speed:, -6.7e-05, 
-15, -0.001833, of, 11, records,   speed:, -0.000122, 
-14, -0.000407, of, 16, records,   speed:, -2.9e-05, 
-13, -0.000391, of, 30, records,   speed:, -3e-05, 
-12, -0.002692, of, 17, records,   speed:, -0.000224, 
-11, -0.001181, of, 29, records,   speed:, -0.000107, 
-10, -0.000894, of, 39, records,   speed:, -8.9e-05, 
-9, -0.001746, of, 48, records,   speed:, -0.000194, 
-8, -0.001906, of, 83, records,   speed:, -0.000238, 
-7, -0.001324, of, 96, records,   speed:, -0.000189, 
-6, -0.001367, of, 141, records,   speed:, -0.000228, 
-5, -0.001645, of, 176, records,   speed:, -0.000329, 
-4, -0.001225, of, 222, records,   speed:, -0.000306, 
-3, -0.001179, of, 276, records,   speed:, -0.000393, 
-2, -0.000923, of, 329, records,   speed:, -0.000461, 
-1, -0.00056, of, 599, records,   speed:, -0.00056, 
1, 0.000112, of, 592, records,   speed:, 0.000112, 
2, 0.00058, of, 301, records,   speed:, 0.00029, 
3, 0.001106, of, 265, records,   speed:, 0.000369, 
4, 0.001167, of, 195, records,   speed:, 0.000292, 
5, 0.001642, of, 132, records,   speed:, 0.000328, 
6, 0.001869, of, 103, records,   speed:, 0.000311, 
7, 0.001564, of, 78, records,   speed:, 0.000223, 
8, 0.001266, of, 63, records,   speed:, 0.000158, 
9, 0.00259, of, 40, records,   speed:, 0.000288, 
10, 0.001547, of, 38, records,   speed:, 0.000155, 
11, 0.001589, of, 29, records,   speed:, 0.000144, 
12, 0.002753, of, 26, records,   speed:, 0.000229, 
13, 0.001748, of, 23, records,   speed:, 0.000134, 
14, 0.003166, of, 9, records,   speed:, 0.000226, 
15, 0.001937, of, 20, records,   speed:, 0.000129, 
16, 0.001283, of, 14, records,   speed:, 8e-05, 
17, -3.6e-05, of, 4, records,   speed:, -2e-06, 
18, 0.002006, of, 6, records,   speed:, 0.000111, 
19, 0.001214, of, 5, records,   speed:, 6.4e-05, 
20, 0.002554, of, 4, records,   speed:, 0.000128, 
-20, 0.001051, of, 2, records,   speed:, 5.3e-05, 
-19, 0.000958, of, 6, records,   speed:, 5e-05, 
-18, 0.001982, of, 12, records,   speed:, 0.00011, 
-17, 0.001482, of, 9, records,   speed:, 8.7e-05, 
-16, 0.003513, of, 10, records,   speed:, 0.00022, 
-15, 0.003016, of, 11, records,   speed:, 0.000201, 
-14, 0.002854, of, 16, records,   speed:, 0.000204, 
-13, 0.001768, of, 30, records,   speed:, 0.000136, 
-12, 0.002736, of, 17, records,   speed:, 0.000228, 
-11, 0.002151, of, 29, records,   speed:, 0.000196, 
-10, 0.001972, of, 39, records,   speed:, 0.000197, 
-9, 0.002419, of, 48, records,   speed:, 0.000269, 
-8, 0.002701, of, 83, records,   speed:, 0.000338, 
-7, 0.001938, of, 96, records,   speed:, 0.000277, 
-6, 0.002112, of, 141, records,   speed:, 0.000352, 
-5, 0.002536, of, 176, records,   speed:, 0.000507, 
-4, 0.00226, of, 222, records,   speed:, 0.000565, 
-3, 0.0024, of, 276, records,   speed:, 0.0008, 
-2, 0.002325, of, 329, records,   speed:, 0.001162, 
-1, 0.002323, of, 599, records,   speed:, 0.002323, 
1, 0.002277, of, 592, records,   speed:, 0.002277, 
2, 0.002271, of, 301, records,   speed:, 0.001136, 
3, 0.002592, of, 265, records,   speed:, 0.000864, 
4, 0.002403, of, 195, records,   speed:, 0.000601, 
5, 0.00253, of, 132, records,   speed:, 0.000506, 
6, 0.002823, of, 103, records,   speed:, 0.000471, 
7, 0.002455, of, 78, records,   speed:, 0.000351, 
8, 0.002953, of, 63, records,   speed:, 0.000369, 
9, 0.003459, of, 40, records,   speed:, 0.000384, 
10, 0.002753, of, 38, records,   speed:, 0.000275, 
11, 0.00217, of, 29, records,   speed:, 0.000197, 
12, 0.003409, of, 26, records,   speed:, 0.000284, 
13, 0.002231, of, 23, records,   speed:, 0.000172, 
14, 0.003183, of, 9, records,   speed:, 0.000227, 
15, 0.002258, of, 20, records,   speed:, 0.000151, 
16, 0.001499, of, 14, records,   speed:, 9.4e-05, 
17, 0.001256, of, 4, records,   speed:, 7.4e-05, 
18, 0.002006, of, 6, records,   speed:, 0.000111, 
19, 0.001666, of, 5, records,   speed:, 8.8e-05, 
20, 0.004202, of, 4, records,   speed:, 0.00021, 
AVG error:, -0.3679280543049143929840049995, of , 4161, records speed, 
AVGabsErr:, 4.616470189056670347308820539, of , 4161, records speed, 
****************************************************************************************************, 
 , 
0.98, 900@DX!teta: 0.3, 15, 2, vtx:, 10, 90, 
sigma: , 9, 
[], 
------------------------------, 
****************************************, 
-20, -0.000783, of, 5, records,   speed:, -3.9e-05, 
-19, -0.001045, of, 9, records,   speed:, -5.5e-05, 
-18, -0.001683, of, 6, records,   speed:, -9.3e-05, 
-17, -0.001839, of, 8, records,   speed:, -0.000108, 
-16, -0.001815, of, 11, records,   speed:, -0.000113, 
-15, -0.000823, of, 16, records,   speed:, -5.5e-05, 
-14, -0.00021, of, 19, records,   speed:, -1.5e-05, 
-13, -0.001312, of, 25, records,   speed:, -0.000101, 
-12, -0.001736, of, 23, records,   speed:, -0.000145, 
-11, -0.000993, of, 23, records,   speed:, -9e-05, 
-10, -0.001492, of, 47, records,   speed:, -0.000149, 
-9, -0.001481, of, 64, records,   speed:, -0.000165, 
-8, -0.001817, of, 81, records,   speed:, -0.000227, 
-7, -0.001214, of, 96, records,   speed:, -0.000173, 
-6, -0.001541, of, 157, records,   speed:, -0.000257, 
-5, -0.001565, of, 182, records,   speed:, -0.000313, 
-4, -0.001507, of, 208, records,   speed:, -0.000377, 
-3, -0.001021, of, 285, records,   speed:, -0.00034, 
-2, -0.00087, of, 312, records,   speed:, -0.000435, 
-1, -0.00069, of, 565, records,   speed:, -0.00069, 
1, 0.000171, of, 564, records,   speed:, 0.000171, 
2, 0.000588, of, 304, records,   speed:, 0.000294, 
3, 0.001232, of, 230, records,   speed:, 0.000411, 
4, 0.000846, of, 213, records,   speed:, 0.000211, 
5, 0.001253, of, 131, records,   speed:, 0.000251, 
6, 0.001966, of, 112, records,   speed:, 0.000328, 
7, 0.002152, of, 78, records,   speed:, 0.000307, 
8, 0.001265, of, 75, records,   speed:, 0.000158, 
9, 0.001802, of, 53, records,   speed:, 0.0002, 
10, 0.001948, of, 36, records,   speed:, 0.000195, 
11, 0.002248, of, 27, records,   speed:, 0.000204, 
12, 0.002012, of, 30, records,   speed:, 0.000168, 
13, 0.001574, of, 25, records,   speed:, 0.000121, 
14, 0.002032, of, 19, records,   speed:, 0.000145, 
15, 0.000992, of, 16, records,   speed:, 6.6e-05, 
16, 0.001548, of, 17, records,   speed:, 9.7e-05, 
17, 0.001167, of, 10, records,   speed:, 6.9e-05, 
18, 0.001262, of, 6, records,   speed:, 7e-05, 
19, 0.002016, of, 4, records,   speed:, 0.000106, 
20, 0.001015, of, 6, records,   speed:, 5.1e-05, 
-20, 0.001362, of, 5, records,   speed:, 6.8e-05, 
-19, 0.00143, of, 9, records,   speed:, 7.5e-05, 
-18, 0.002783, of, 6, records,   speed:, 0.000155, 
-17, 0.001932, of, 8, records,   speed:, 0.000114, 
-16, 0.002555, of, 11, records,   speed:, 0.00016, 
-15, 0.00262, of, 16, records,   speed:, 0.000175, 
-14, 0.002751, of, 19, records,   speed:, 0.000196, 
-13, 0.002616, of, 25, records,   speed:, 0.000201, 
-12, 0.002278, of, 23, records,   speed:, 0.00019, 
-11, 0.001499, of, 23, records,   speed:, 0.000136, 
-10, 0.002014, of, 47, records,   speed:, 0.000201, 
-9, 0.002511, of, 64, records,   speed:, 0.000279, 
-8, 0.002596, of, 81, records,   speed:, 0.000325, 
-7, 0.00217, of, 96, records,   speed:, 0.00031, 
-6, 0.00225, of, 157, records,   speed:, 0.000375, 
-5, 0.00246, of, 182, records,   speed:, 0.000492, 
-4, 0.002525, of, 208, records,   speed:, 0.000631, 
-3, 0.002242, of, 285, records,   speed:, 0.000747, 
-2, 0.002266, of, 312, records,   speed:, 0.001133, 
-1, 0.002311, of, 565, records,   speed:, 0.002311, 
1, 0.002404, of, 564, records,   speed:, 0.002404, 
2, 0.002179, of, 304, records,   speed:, 0.00109, 
3, 0.002458, of, 230, records,   speed:, 0.000819, 
4, 0.00228, of, 213, records,   speed:, 0.00057, 
5, 0.002539, of, 131, records,   speed:, 0.000508, 
6, 0.002803, of, 112, records,   speed:, 0.000467, 
7, 0.002795, of, 78, records,   speed:, 0.000399, 
8, 0.002628, of, 75, records,   speed:, 0.000328, 
9, 0.003122, of, 53, records,   speed:, 0.000347, 
10, 0.00296, of, 36, records,   speed:, 0.000296, 
11, 0.002797, of, 27, records,   speed:, 0.000254, 
12, 0.002636, of, 30, records,   speed:, 0.00022, 
13, 0.00327, of, 25, records,   speed:, 0.000252, 
14, 0.002641, of, 19, records,   speed:, 0.000189, 
15, 0.001677, of, 16, records,   speed:, 0.000112, 
16, 0.001855, of, 17, records,   speed:, 0.000116, 
17, 0.002322, of, 10, records,   speed:, 0.000137, 
18, 0.001446, of, 6, records,   speed:, 8e-05, 
19, 0.002016, of, 4, records,   speed:, 0.000106, 
20, 0.001015, of, 6, records,   speed:, 5.1e-05, 
AVG error:, -0.3940120377412582344594794867, of , 4180, records speed, 
AVGabsErr:, 4.495394460622273234005064624, of , 4180, records speed, 
****************************************************************************************************, 
 , 
0.98, 900@DX!teta: 0.6, 15, 2, vtx:, 10, 90, 
sigma: , 9, 
[], 
------------------------------, 
****************************************, 
-20, 0.000868, of, 4, records,   speed:, 4.3e-05, 
-19, -0.001413, of, 9, records,   speed:, -7.4e-05, 
-18, -0.001489, of, 12, records,   speed:, -8.3e-05, 
-17, -0.001295, of, 14, records,   speed:, -7.6e-05, 
-16, -0.000279, of, 14, records,   speed:, -1.7e-05, 
-15, -0.001888, of, 8, records,   speed:, -0.000126, 
-14, -0.001315, of, 21, records,   speed:, -9.4e-05, 
-13, -0.000955, of, 22, records,   speed:, -7.3e-05, 
-12, -0.001783, of, 24, records,   speed:, -0.000149, 
-11, -0.001036, of, 42, records,   speed:, -9.4e-05, 
-10, -0.001433, of, 53, records,   speed:, -0.000143, 
-9, -0.0018, of, 64, records,   speed:, -0.0002, 
-8, -0.001575, of, 76, records,   speed:, -0.000197, 
-7, -0.001204, of, 104, records,   speed:, -0.000172, 
-6, -0.001655, of, 161, records,   speed:, -0.000276, 
-5, -0.001647, of, 193, records,   speed:, -0.000329, 
-4, -0.001171, of, 203, records,   speed:, -0.000293, 
-3, -0.001019, of, 304, records,   speed:, -0.00034, 
-2, -0.000761, of, 294, records,   speed:, -0.00038, 
-1, -0.000602, of, 536, records,   speed:, -0.000602, 
1, 0.000149, of, 540, records,   speed:, 0.000149, 
2, 0.000719, of, 294, records,   speed:, 0.00036, 
3, 0.0007, of, 227, records,   speed:, 0.000233, 
4, 0.001118, of, 202, records,   speed:, 0.00028, 
5, 0.001284, of, 160, records,   speed:, 0.000257, 
6, 0.001485, of, 96, records,   speed:, 0.000248, 
7, 0.001861, of, 84, records,   speed:, 0.000266, 
8, 0.001641, of, 73, records,   speed:, 0.000205, 
9, 0.002136, of, 58, records,   speed:, 0.000237, 
10, 0.001623, of, 52, records,   speed:, 0.000162, 
11, 0.002494, of, 27, records,   speed:, 0.000227, 
12, 0.00178, of, 28, records,   speed:, 0.000148, 
13, 0.002299, of, 24, records,   speed:, 0.000177, 
14, 0.0018, of, 24, records,   speed:, 0.000129, 
15, 0.002628, of, 15, records,   speed:, 0.000175, 
16, 0.001091, of, 19, records,   speed:, 6.8e-05, 
17, 0.000617, of, 17, records,   speed:, 3.6e-05, 
18, -0.001034, of, 15, records,   speed:, -5.7e-05, 
19, 0.002092, of, 10, records,   speed:, 0.00011, 
20, 0.004123, of, 2, records,   speed:, 0.000206, 
-20, 0.001049, of, 4, records,   speed:, 5.2e-05, 
-19, 0.001596, of, 9, records,   speed:, 8.4e-05, 
-18, 0.002039, of, 12, records,   speed:, 0.000113, 
-17, 0.002101, of, 14, records,   speed:, 0.000124, 
-16, 0.002913, of, 14, records,   speed:, 0.000182, 
-15, 0.003584, of, 8, records,   speed:, 0.000239, 
-14, 0.002583, of, 21, records,   speed:, 0.000184, 
-13, 0.002035, of, 22, records,   speed:, 0.000157, 
-12, 0.002111, of, 24, records,   speed:, 0.000176, 
-11, 0.002066, of, 42, records,   speed:, 0.000188, 
-10, 0.002423, of, 53, records,   speed:, 0.000242, 
-9, 0.002637, of, 64, records,   speed:, 0.000293, 
-8, 0.002385, of, 76, records,   speed:, 0.000298, 
-7, 0.002031, of, 104, records,   speed:, 0.00029, 
-6, 0.002464, of, 161, records,   speed:, 0.000411, 
-5, 0.002388, of, 193, records,   speed:, 0.000478, 
-4, 0.002357, of, 203, records,   speed:, 0.000589, 
-3, 0.002397, of, 304, records,   speed:, 0.000799, 
-2, 0.002093, of, 294, records,   speed:, 0.001047, 
-1, 0.002405, of, 536, records,   speed:, 0.002405, 
1, 0.002402, of, 540, records,   speed:, 0.002402, 
2, 0.002208, of, 294, records,   speed:, 0.001104, 
3, 0.00224, of, 227, records,   speed:, 0.000747, 
4, 0.00249, of, 202, records,   speed:, 0.000623, 
5, 0.0026, of, 160, records,   speed:, 0.00052, 
6, 0.002435, of, 96, records,   speed:, 0.000406, 
7, 0.002729, of, 84, records,   speed:, 0.00039, 
8, 0.002771, of, 73, records,   speed:, 0.000346, 
9, 0.00306, of, 58, records,   speed:, 0.00034, 
10, 0.002729, of, 52, records,   speed:, 0.000273, 
11, 0.002933, of, 27, records,   speed:, 0.000267, 
12, 0.002615, of, 28, records,   speed:, 0.000218, 
13, 0.003124, of, 24, records,   speed:, 0.00024, 
14, 0.002437, of, 24, records,   speed:, 0.000174, 
15, 0.003219, of, 15, records,   speed:, 0.000215, 
16, 0.002292, of, 19, records,   speed:, 0.000143, 
17, 0.001684, of, 17, records,   speed:, 9.9e-05, 
18, 0.002509, of, 15, records,   speed:, 0.000139, 
19, 0.002096, of, 10, records,   speed:, 0.00011, 
20, 0.004123, of, 2, records,   speed:, 0.000206, 
AVG error:, -0.3316052731051656862217230977, of , 4225, records speed, 
AVGabsErr:, 4.402649298302219424432618890, of , 4225, records speed, 
****************************************************************************************************, 
 , 
0.98, 900@DX!teta: 0.9, 15, 2, vtx:, 10, 90, 
sigma: , 9, 
[], 
------------------------------, 
****************************************, 
-20, -0.00101, of, 12, records,   speed:, -5e-05, 
-19, -0.001321, of, 18, records,   speed:, -7e-05, 
-18, -0.002183, of, 12, records,   speed:, -0.000121, 
-17, 0.000523, of, 9, records,   speed:, 3.1e-05, 
-16, -0.001514, of, 13, records,   speed:, -9.5e-05, 
-15, -0.001981, of, 12, records,   speed:, -0.000132, 
-14, -0.000197, of, 20, records,   speed:, -1.4e-05, 
-13, -0.001396, of, 30, records,   speed:, -0.000107, 
-12, -0.001542, of, 31, records,   speed:, -0.000129, 
-11, -0.001082, of, 42, records,   speed:, -9.8e-05, 
-10, -0.0012, of, 59, records,   speed:, -0.00012, 
-9, -0.001537, of, 65, records,   speed:, -0.000171, 
-8, -0.001904, of, 86, records,   speed:, -0.000238, 
-7, -0.001471, of, 113, records,   speed:, -0.00021, 
-6, -0.00167, of, 151, records,   speed:, -0.000278, 
-5, -0.001633, of, 185, records,   speed:, -0.000327, 
-4, -0.00113, of, 219, records,   speed:, -0.000282, 
-3, -0.000957, of, 284, records,   speed:, -0.000319, 
-2, -0.000692, of, 285, records,   speed:, -0.000346, 
-1, -0.000414, of, 498, records,   speed:, -0.000414, 
1, 0.000136, of, 489, records,   speed:, 0.000136, 
2, 0.000414, of, 284, records,   speed:, 0.000207, 
3, 0.000838, of, 238, records,   speed:, 0.000279, 
4, 0.00099, of, 177, records,   speed:, 0.000247, 
5, 0.001639, of, 169, records,   speed:, 0.000328, 
6, 0.00083, of, 110, records,   speed:, 0.000138, 
7, 0.001258, of, 87, records,   speed:, 0.00018, 
8, 0.001491, of, 89, records,   speed:, 0.000186, 
9, 0.002253, of, 61, records,   speed:, 0.00025, 
10, 0.001956, of, 43, records,   speed:, 0.000196, 
11, 0.001974, of, 39, records,   speed:, 0.000179, 
12, 0.002592, of, 38, records,   speed:, 0.000216, 
13, 0.002096, of, 19, records,   speed:, 0.000161, 
14, 0.001226, of, 21, records,   speed:, 8.8e-05, 
15, 0.001255, of, 19, records,   speed:, 8.4e-05, 
16, 0.002114, of, 14, records,   speed:, 0.000132, 
17, 0.000864, of, 19, records,   speed:, 5.1e-05, 
18, 0.000997, of, 11, records,   speed:, 5.5e-05, 
19, 0.000109, of, 10, records,   speed:, 6e-06, 
20, 0.001974, of, 9, records,   speed:, 9.9e-05, 
-20, 0.001613, of, 12, records,   speed:, 8.1e-05, 
-19, 0.002246, of, 18, records,   speed:, 0.000118, 
-18, 0.002753, of, 12, records,   speed:, 0.000153, 
-17, 0.002371, of, 9, records,   speed:, 0.000139, 
-16, 0.00318, of, 13, records,   speed:, 0.000199, 
-15, 0.003339, of, 12, records,   speed:, 0.000223, 
-14, 0.001402, of, 20, records,   speed:, 0.0001, 
-13, 0.002008, of, 30, records,   speed:, 0.000154, 
-12, 0.00262, of, 31, records,   speed:, 0.000218, 
-11, 0.002055, of, 42, records,   speed:, 0.000187, 
-10, 0.002641, of, 59, records,   speed:, 0.000264, 
-9, 0.002271, of, 65, records,   speed:, 0.000252, 
-8, 0.002625, of, 86, records,   speed:, 0.000328, 
-7, 0.002247, of, 113, records,   speed:, 0.000321, 
-6, 0.002383, of, 151, records,   speed:, 0.000397, 
-5, 0.002332, of, 185, records,   speed:, 0.000466, 
-4, 0.002427, of, 219, records,   speed:, 0.000607, 
-3, 0.002393, of, 284, records,   speed:, 0.000798, 
-2, 0.001964, of, 285, records,   speed:, 0.000982, 
-1, 0.002471, of, 498, records,   speed:, 0.002471, 
1, 0.002457, of, 489, records,   speed:, 0.002457, 
2, 0.002028, of, 284, records,   speed:, 0.001014, 
3, 0.002325, of, 238, records,   speed:, 0.000775, 
4, 0.002489, of, 177, records,   speed:, 0.000622, 
5, 0.002696, of, 169, records,   speed:, 0.000539, 
6, 0.002142, of, 110, records,   speed:, 0.000357, 
7, 0.002615, of, 87, records,   speed:, 0.000374, 
8, 0.002591, of, 89, records,   speed:, 0.000324, 
9, 0.002923, of, 61, records,   speed:, 0.000325, 
10, 0.0029, of, 43, records,   speed:, 0.00029, 
11, 0.002604, of, 39, records,   speed:, 0.000237, 
12, 0.003154, of, 38, records,   speed:, 0.000263, 
13, 0.00325, of, 19, records,   speed:, 0.00025, 
14, 0.002268, of, 21, records,   speed:, 0.000162, 
15, 0.002665, of, 19, records,   speed:, 0.000178, 
16, 0.002442, of, 14, records,   speed:, 0.000153, 
17, 0.00181, of, 19, records,   speed:, 0.000106, 
18, 0.001413, of, 11, records,   speed:, 7.8e-05, 
19, 0.00212, of, 10, records,   speed:, 0.000112, 
20, 0.002719, of, 9, records,   speed:, 0.000136, 
AVG error:, -0.2513681392250456680045719542, of , 4220, records speed, 
AVGabsErr:, 4.200735740878204259815642599, of , 4220, records speed, 
****************************************************************************************************, 
 , 
0.98, 900@DX!teta: 1.2, 15, 2, vtx:, 10, 90, 
sigma: , 9, 
[], 
------------------------------, 
****************************************, 
-20, -0.001348, of, 12, records,   speed:, -6.7e-05, 
-19, -0.00046, of, 6, records,   speed:, -2.4e-05, 
-18, -0.001233, of, 10, records,   speed:, -6.8e-05, 
-17, -0.000367, of, 10, records,   speed:, -2.2e-05, 
-16, -0.000528, of, 13, records,   speed:, -3.3e-05, 
-15, -0.001115, of, 29, records,   speed:, -7.4e-05, 
-14, -0.001606, of, 26, records,   speed:, -0.000115, 
-13, -0.001052, of, 23, records,   speed:, -8.1e-05, 
-12, -0.001079, of, 38, records,   speed:, -9e-05, 
-11, -0.0022, of, 44, records,   speed:, -0.0002, 
-10, -0.000828, of, 71, records,   speed:, -8.3e-05, 
-9, -0.001813, of, 70, records,   speed:, -0.000201, 
-8, -0.001812, of, 93, records,   speed:, -0.000227, 
-7, -0.001338, of, 114, records,   speed:, -0.000191, 
-6, -0.001724, of, 147, records,   speed:, -0.000287, 
-5, -0.001359, of, 173, records,   speed:, -0.000272, 
-4, -0.001404, of, 235, records,   speed:, -0.000351, 
-3, -0.000658, of, 277, records,   speed:, -0.000219, 
-2, -0.000701, of, 279, records,   speed:, -0.000351, 
-1, -0.00036, of, 462, records,   speed:, -0.00036, 
1, 0.00022, of, 488, records,   speed:, 0.00022, 
2, 0.000388, of, 247, records,   speed:, 0.000194, 
3, 0.000463, of, 233, records,   speed:, 0.000154, 
4, 0.001051, of, 188, records,   speed:, 0.000263, 
5, 0.001685, of, 161, records,   speed:, 0.000337, 
6, 0.00093, of, 109, records,   speed:, 0.000155, 
7, 0.000847, of, 104, records,   speed:, 0.000121, 
8, 0.001621, of, 76, records,   speed:, 0.000203, 
9, 0.001746, of, 82, records,   speed:, 0.000194, 
10, 0.001578, of, 52, records,   speed:, 0.000158, 
11, 0.001296, of, 33, records,   speed:, 0.000118, 
12, 0.002412, of, 36, records,   speed:, 0.000201, 
13, 0.003352, of, 28, records,   speed:, 0.000258, 
14, 0.001868, of, 20, records,   speed:, 0.000133, 
15, 0.0014, of, 18, records,   speed:, 9.3e-05, 
16, 0.001786, of, 15, records,   speed:, 0.000112, 
17, 0.000628, of, 16, records,   speed:, 3.7e-05, 
18, 0.001557, of, 16, records,   speed:, 8.7e-05, 
19, 0.000921, of, 13, records,   speed:, 4.8e-05, 
20, 0.001004, of, 11, records,   speed:, 5e-05, 
-20, 0.002109, of, 12, records,   speed:, 0.000105, 
-19, 0.003432, of, 6, records,   speed:, 0.000181, 
-18, 0.002653, of, 10, records,   speed:, 0.000147, 
-17, 0.003821, of, 10, records,   speed:, 0.000225, 
-16, 0.002198, of, 13, records,   speed:, 0.000137, 
-15, 0.002127, of, 29, records,   speed:, 0.000142, 
-14, 0.002102, of, 26, records,   speed:, 0.00015, 
-13, 0.00191, of, 23, records,   speed:, 0.000147, 
-12, 0.001849, of, 38, records,   speed:, 0.000154, 
-11, 0.002968, of, 44, records,   speed:, 0.00027, 
-10, 0.002246, of, 71, records,   speed:, 0.000225, 
-9, 0.002663, of, 70, records,   speed:, 0.000296, 
-8, 0.002518, of, 93, records,   speed:, 0.000315, 
-7, 0.002166, of, 114, records,   speed:, 0.000309, 
-6, 0.002444, of, 147, records,   speed:, 0.000407, 
-5, 0.002453, of, 173, records,   speed:, 0.000491, 
-4, 0.002565, of, 235, records,   speed:, 0.000641, 
-3, 0.002058, of, 277, records,   speed:, 0.000686, 
-2, 0.002011, of, 279, records,   speed:, 0.001006, 
-1, 0.002506, of, 462, records,   speed:, 0.002506, 
1, 0.002331, of, 488, records,   speed:, 0.002331, 
2, 0.002364, of, 247, records,   speed:, 0.001182, 
3, 0.002177, of, 233, records,   speed:, 0.000726, 
4, 0.002324, of, 188, records,   speed:, 0.000581, 
5, 0.002744, of, 161, records,   speed:, 0.000549, 
6, 0.00235, of, 109, records,   speed:, 0.000392, 
7, 0.002235, of, 104, records,   speed:, 0.000319, 
8, 0.002854, of, 76, records,   speed:, 0.000357, 
9, 0.002688, of, 82, records,   speed:, 0.000299, 
10, 0.002474, of, 52, records,   speed:, 0.000247, 
11, 0.002359, of, 33, records,   speed:, 0.000214, 
12, 0.003047, of, 36, records,   speed:, 0.000254, 
13, 0.00382, of, 28, records,   speed:, 0.000294, 
14, 0.002662, of, 20, records,   speed:, 0.00019, 
15, 0.002243, of, 18, records,   speed:, 0.00015, 
16, 0.003728, of, 15, records,   speed:, 0.000233, 
17, 0.001623, of, 16, records,   speed:, 9.5e-05, 
18, 0.002934, of, 16, records,   speed:, 0.000163, 
19, 0.001493, of, 13, records,   speed:, 7.9e-05, 
20, 0.001696, of, 11, records,   speed:, 8.5e-05, 
AVG error:, -0.1912403655398050733807264056, of , 4256, records speed, 
AVGabsErr:, 4.051978246238219340115939980, of , 4256, records speed, 
****************************************************************************************************, 
 , 
0.98, 900@DX!teta: 1.5, 15, 2, vtx:, 10, 90, 
sigma: , 9, 
[], 
------------------------------, 
****************************************, 
-20, 0.000643, of, 6, records,   speed:, 3.2e-05, 
-19, -0.002108, of, 14, records,   speed:, -0.000111, 
-18, -0.001816, of, 16, records,   speed:, -0.000101, 
-17, 0.000398, of, 20, records,   speed:, 2.3e-05, 
-16, -0.001331, of, 18, records,   speed:, -8.3e-05, 
-15, -0.001086, of, 14, records,   speed:, -7.2e-05, 
-14, -0.001663, of, 26, records,   speed:, -0.000119, 
-13, -0.000941, of, 33, records,   speed:, -7.2e-05, 
-12, -0.002059, of, 46, records,   speed:, -0.000172, 
-11, -0.000929, of, 58, records,   speed:, -8.4e-05, 
-10, -0.001661, of, 68, records,   speed:, -0.000166, 
-9, -0.001449, of, 66, records,   speed:, -0.000161, 
-8, -0.001562, of, 114, records,   speed:, -0.000195, 
-7, -0.001307, of, 111, records,   speed:, -0.000187, 
-6, -0.002037, of, 151, records,   speed:, -0.000339, 
-5, -0.000838, of, 177, records,   speed:, -0.000168, 
-4, -0.001322, of, 239, records,   speed:, -0.00033, 
-3, -0.000644, of, 238, records,   speed:, -0.000215, 
-2, -0.000606, of, 281, records,   speed:, -0.000303, 
-1, -0.000336, of, 427, records,   speed:, -0.000336, 
1, 0.000106, of, 470, records,   speed:, 0.000106, 
2, 0.000343, of, 233, records,   speed:, 0.000172, 
3, 0.000418, of, 211, records,   speed:, 0.000139, 
4, 0.000933, of, 193, records,   speed:, 0.000233, 
5, 0.001419, of, 166, records,   speed:, 0.000284, 
6, 0.001294, of, 118, records,   speed:, 0.000216, 
7, 0.000881, of, 101, records,   speed:, 0.000126, 
8, 0.001295, of, 89, records,   speed:, 0.000162, 
9, 0.001267, of, 69, records,   speed:, 0.000141, 
10, 0.001985, of, 64, records,   speed:, 0.000198, 
11, 0.000888, of, 47, records,   speed:, 8.1e-05, 
12, 0.001113, of, 34, records,   speed:, 9.3e-05, 
13, 0.003481, of, 25, records,   speed:, 0.000268, 
14, 0.003304, of, 22, records,   speed:, 0.000236, 
15, 0.001586, of, 22, records,   speed:, 0.000106, 
16, 0.001123, of, 14, records,   speed:, 7e-05, 
17, 0.001326, of, 22, records,   speed:, 7.8e-05, 
18, 0.002309, of, 13, records,   speed:, 0.000128, 
19, 0.001809, of, 19, records,   speed:, 9.5e-05, 
20, -0.000602, of, 12, records,   speed:, -3e-05, 
-20, 0.003092, of, 6, records,   speed:, 0.000155, 
-19, 0.003063, of, 14, records,   speed:, 0.000161, 
-18, 0.003401, of, 16, records,   speed:, 0.000189, 
-17, 0.00183, of, 20, records,   speed:, 0.000108, 
-16, 0.001725, of, 18, records,   speed:, 0.000108, 
-15, 0.002032, of, 14, records,   speed:, 0.000135, 
-14, 0.002199, of, 26, records,   speed:, 0.000157, 
-13, 0.001744, of, 33, records,   speed:, 0.000134, 
-12, 0.002844, of, 46, records,   speed:, 0.000237, 
-11, 0.001948, of, 58, records,   speed:, 0.000177, 
-10, 0.0026, of, 68, records,   speed:, 0.00026, 
-9, 0.002238, of, 66, records,   speed:, 0.000249, 
-8, 0.002522, of, 114, records,   speed:, 0.000315, 
-7, 0.002377, of, 111, records,   speed:, 0.00034, 
-6, 0.002746, of, 151, records,   speed:, 0.000458, 
-5, 0.002442, of, 177, records,   speed:, 0.000488, 
-4, 0.002324, of, 239, records,   speed:, 0.000581, 
-3, 0.002061, of, 238, records,   speed:, 0.000687, 
-2, 0.002053, of, 281, records,   speed:, 0.001026, 
-1, 0.00253, of, 427, records,   speed:, 0.00253, 
1, 0.002353, of, 470, records,   speed:, 0.002353, 
2, 0.002345, of, 233, records,   speed:, 0.001172, 
3, 0.002135, of, 211, records,   speed:, 0.000712, 
4, 0.002463, of, 193, records,   speed:, 0.000616, 
5, 0.002543, of, 166, records,   speed:, 0.000509, 
6, 0.002557, of, 118, records,   speed:, 0.000426, 
7, 0.001839, of, 101, records,   speed:, 0.000263, 
8, 0.0027, of, 89, records,   speed:, 0.000338, 
9, 0.00293, of, 69, records,   speed:, 0.000326, 
10, 0.002704, of, 64, records,   speed:, 0.00027, 
11, 0.002175, of, 47, records,   speed:, 0.000198, 
12, 0.001975, of, 34, records,   speed:, 0.000165, 
13, 0.004065, of, 25, records,   speed:, 0.000313, 
14, 0.003804, of, 22, records,   speed:, 0.000272, 
15, 0.002246, of, 22, records,   speed:, 0.00015, 
16, 0.002596, of, 14, records,   speed:, 0.000162, 
17, 0.002298, of, 22, records,   speed:, 0.000135, 
18, 0.002958, of, 13, records,   speed:, 0.000164, 
19, 0.002394, of, 19, records,   speed:, 0.000126, 
20, 0.002528, of, 12, records,   speed:, 0.000126, 
AVG error:, -0.2159520339037835663698264004, of , 4272, records speed, 
AVGabsErr:, 3.913252332199313250990980691, of , 4272, records speed, 
****************************************************************************************************, 
 , 
0.98, 900@DX!teta: 0.0, 15, 2, vtx:, 10, 90, 
sigma: , 9, 
[], 
------------------------------, 
****************************************, 
2, -0.001575, of, 1, records,   speed:, -0.000787, 
2, 0.001575, of, 1, records,   speed:, 0.000787, 
AVG error:, -0.000787443323688110042980101230, of , 1, records speed, 
AVGabsErr:, 0.000787443323688110042980101230, of , 1, records speed, 
****************************************************************************************************, 
 , 
0.98, 900@DX!teta: 0.3, 15, 2, vtx:, 10, 90, 
sigma: , 9, 
[], 
------------------------------, 
****************************************, 
3, -0.001575, of, 1, records,   speed:, -0.000525, 
3, 0.001575, of, 1, records,   speed:, 0.000525, 
AVG error:, -0.0005249622157920733619867341533, of , 1, records speed, 
AVGabsErr:, 0.0005249622157920733619867341533, of , 1, records speed, 
****************************************************************************************************, 
 , 
0.98, 900@DX!teta: 0.6, 15, 2, vtx:, 10, 90, 
sigma: , 9, 
[], 
------------------------------, 
****************************************, 
4, -0.001575, of, 1, records,   speed:, -0.000394, 
4, 0.001575, of, 1, records,   speed:, 0.000394, 
AVG error:, -0.000393721661844055021490050615, of , 1, records speed, 
AVGabsErr:, 0.000393721661844055021490050615, of , 1, records speed, 
****************************************************************************************************, 
 , 
0.98, 900@DX!teta: 0.0, 15, 2, vtx:, 10, 90, 
sigma: , 9, 
[], 
------------------------------, 
****************************************, 
-14, 0.00077, of, 1, records,   speed:, 5.5e-05, 
-13, 0.001959, of, 4, records,   speed:, 0.000151, 
-10, 0.005072, of, 1, records,   speed:, 0.000507, 
-9, -0.001324, of, 2, records,   speed:, -0.000147, 
-7, -0.003541, of, 2, records,   speed:, -0.000506, 
-5, -0.000105, of, 2, records,   speed:, -2.1e-05, 
-4, -0.000613, of, 5, records,   speed:, -0.000153, 
-3, -0.001644, of, 12, records,   speed:, -0.000548, 
-2, -0.001177, of, 15, records,   speed:, -0.000589, 
-1, -0.001256, of, 16, records,   speed:, -0.001256, 
1, -0.000979, of, 21, records,   speed:, -0.000979, 
2, 0.000453, of, 10, records,   speed:, 0.000226, 
3, 0.000564, of, 11, records,   speed:, 0.000188, 
4, 0.00214, of, 5, records,   speed:, 0.000535, 
5, 0.001406, of, 12, records,   speed:, 0.000281, 
6, 0.001065, of, 7, records,   speed:, 0.000177, 
7, 0.001465, of, 4, records,   speed:, 0.000209, 
8, 0.00287, of, 6, records,   speed:, 0.000359, 
11, 0.004, of, 3, records,   speed:, 0.000364, 
12, 0.006723, of, 1, records,   speed:, 0.00056, 
13, 0.000239, of, 1, records,   speed:, 1.8e-05, 
16, 0.001947, of, 2, records,   speed:, 0.000122, 
-14, 0.00077, of, 1, records,   speed:, 5.5e-05, 
-13, 0.00245, of, 4, records,   speed:, 0.000188, 
-10, 0.005072, of, 1, records,   speed:, 0.000507, 
-9, 0.001693, of, 2, records,   speed:, 0.000188, 
-7, 0.003541, of, 2, records,   speed:, 0.000506, 
-5, 0.000401, of, 2, records,   speed:, 8e-05, 
-4, 0.000727, of, 5, records,   speed:, 0.000182, 
-3, 0.00167, of, 12, records,   speed:, 0.000557, 
-2, 0.001806, of, 15, records,   speed:, 0.000903, 
-1, 0.001861, of, 16, records,   speed:, 0.001861, 
1, 0.001874, of, 21, records,   speed:, 0.001874, 
2, 0.002184, of, 10, records,   speed:, 0.001092, 
3, 0.002865, of, 11, records,   speed:, 0.000955, 
4, 0.002661, of, 5, records,   speed:, 0.000665, 
5, 0.00218, of, 12, records,   speed:, 0.000436, 
6, 0.00252, of, 7, records,   speed:, 0.00042, 
7, 0.001465, of, 4, records,   speed:, 0.000209, 
8, 0.004151, of, 6, records,   speed:, 0.000519, 
11, 0.004, of, 3, records,   speed:, 0.000364, 
12, 0.006723, of, 1, records,   speed:, 0.00056, 
13, 0.000239, of, 1, records,   speed:, 1.8e-05, 
16, 0.001947, of, 2, records,   speed:, 0.000122, 
AVG error:, -0.04047575700133920686134662092, of , 144, records speed, 
AVGabsErr:, 0.0009160308295564361014774685256, of , 144, records speed, 
****************************************************************************************************, 
 , 
0.98, 900@DX!teta: 0.0, 15, 2, vtx:, 10, 90, 
sigma: , 9, 
[], 
------------------------------, 
****************************************, 
-14, 0.00077, of, 1, records,   speed:, 5.5e-05, 
-13, 0.001959, of, 4, records,   speed:, 0.000151, 
-10, 0.005072, of, 1, records,   speed:, 0.000507, 
-9, -0.001324, of, 2, records,   speed:, -0.000147, 
-7, -0.003541, of, 2, records,   speed:, -0.000506, 
-5, -0.000105, of, 2, records,   speed:, -2.1e-05, 
-4, -0.000613, of, 5, records,   speed:, -0.000153, 
-3, -0.001644, of, 12, records,   speed:, -0.000548, 
-2, -0.001177, of, 15, records,   speed:, -0.000589, 
-1, -0.001256, of, 16, records,   speed:, -0.001256, 
1, -0.000979, of, 21, records,   speed:, -0.000979, 
2, 0.000453, of, 10, records,   speed:, 0.000226, 
3, 0.000564, of, 11, records,   speed:, 0.000188, 
4, 0.00214, of, 5, records,   speed:, 0.000535, 
5, 0.001406, of, 12, records,   speed:, 0.000281, 
6, 0.001065, of, 7, records,   speed:, 0.000177, 
7, 0.001465, of, 4, records,   speed:, 0.000209, 
8, 0.00287, of, 6, records,   speed:, 0.000359, 
11, 0.004, of, 3, records,   speed:, 0.000364, 
12, 0.006723, of, 1, records,   speed:, 0.00056, 
13, 0.000239, of, 1, records,   speed:, 1.8e-05, 
16, 0.001947, of, 2, records,   speed:, 0.000122, 
-14, 0.00077, of, 1, records,   speed:, 5.5e-05, 
-13, 0.00245, of, 4, records,   speed:, 0.000188, 
-10, 0.005072, of, 1, records,   speed:, 0.000507, 
-9, 0.001693, of, 2, records,   speed:, 0.000188, 
-7, 0.003541, of, 2, records,   speed:, 0.000506, 
-5, 0.000401, of, 2, records,   speed:, 8e-05, 
-4, 0.000727, of, 5, records,   speed:, 0.000182, 
-3, 0.00167, of, 12, records,   speed:, 0.000557, 
-2, 0.001806, of, 15, records,   speed:, 0.000903, 
-1, 0.001861, of, 16, records,   speed:, 0.001861, 
1, 0.001874, of, 21, records,   speed:, 0.001874, 
2, 0.002184, of, 10, records,   speed:, 0.001092, 
3, 0.002865, of, 11, records,   speed:, 0.000955, 
4, 0.002661, of, 5, records,   speed:, 0.000665, 
5, 0.00218, of, 12, records,   speed:, 0.000436, 
6, 0.00252, of, 7, records,   speed:, 0.00042, 
7, 0.001465, of, 4, records,   speed:, 0.000209, 
8, 0.004151, of, 6, records,   speed:, 0.000519, 
11, 0.004, of, 3, records,   speed:, 0.000364, 
12, 0.006723, of, 1, records,   speed:, 0.00056, 
13, 0.000239, of, 1, records,   speed:, 1.8e-05, 
16, 0.001947, of, 2, records,   speed:, 0.000122, 
AVG error:, -0.04047575700133920686134662092, of , 144, records speed, 
AVGabsErr:, 0.0009160308295564361014774685256, of , 144, records speed, 
****************************************************************************************************, 
 , 
0.98, 900@DX!teta: 0.0, 15, 2, vtx:, 10, 90, 
sigma: , 9, 
[], 
------------------------------, 
****************************************, 
-14, 0.00077, of, 1, records,   speed:, 5.5e-05, 
-13, 0.001959, of, 4, records,   speed:, 0.000151, 
-10, 0.005072, of, 1, records,   speed:, 0.000507, 
-9, -0.001324, of, 2, records,   speed:, -0.000147, 
-7, -0.003541, of, 2, records,   speed:, -0.000506, 
-5, -0.000105, of, 2, records,   speed:, -2.1e-05, 
-4, -0.000613, of, 5, records,   speed:, -0.000153, 
-3, -0.001644, of, 12, records,   speed:, -0.000548, 
-2, -0.001177, of, 15, records,   speed:, -0.000589, 
-1, -0.001256, of, 16, records,   speed:, -0.001256, 
1, -0.000979, of, 21, records,   speed:, -0.000979, 
2, 0.000453, of, 10, records,   speed:, 0.000226, 
3, 0.000564, of, 11, records,   speed:, 0.000188, 
4, 0.00214, of, 5, records,   speed:, 0.000535, 
5, 0.001406, of, 12, records,   speed:, 0.000281, 
6, 0.001065, of, 7, records,   speed:, 0.000177, 
7, 0.001465, of, 4, records,   speed:, 0.000209, 
8, 0.00287, of, 6, records,   speed:, 0.000359, 
11, 0.004, of, 3, records,   speed:, 0.000364, 
12, 0.006723, of, 1, records,   speed:, 0.00056, 
13, 0.000239, of, 1, records,   speed:, 1.8e-05, 
16, 0.001947, of, 2, records,   speed:, 0.000122, 
-14, 0.00077, of, 1, records,   speed:, 5.5e-05, 
-13, 0.00245, of, 4, records,   speed:, 0.000188, 
-10, 0.005072, of, 1, records,   speed:, 0.000507, 
-9, 0.001693, of, 2, records,   speed:, 0.000188, 
-7, 0.003541, of, 2, records,   speed:, 0.000506, 
-5, 0.000401, of, 2, records,   speed:, 8e-05, 
-4, 0.000727, of, 5, records,   speed:, 0.000182, 
-3, 0.00167, of, 12, records,   speed:, 0.000557, 
-2, 0.001806, of, 15, records,   speed:, 0.000903, 
-1, 0.001861, of, 16, records,   speed:, 0.001861, 
1, 0.001874, of, 21, records,   speed:, 0.001874, 
2, 0.002184, of, 10, records,   speed:, 0.001092, 
3, 0.002865, of, 11, records,   speed:, 0.000955, 
4, 0.002661, of, 5, records,   speed:, 0.000665, 
5, 0.00218, of, 12, records,   speed:, 0.000436, 
6, 0.00252, of, 7, records,   speed:, 0.00042, 
7, 0.001465, of, 4, records,   speed:, 0.000209, 
8, 0.004151, of, 6, records,   speed:, 0.000519, 
11, 0.004, of, 3, records,   speed:, 0.000364, 
12, 0.006723, of, 1, records,   speed:, 0.00056, 
13, 0.000239, of, 1, records,   speed:, 1.8e-05, 
16, 0.001947, of, 2, records,   speed:, 0.000122, 
AVG error:, -0.04047575700133920686134662092, of , 144, records speed, 
AVGabsErr:, 0.0009160308295564361014774685256, of , 144, records speed, 
****************************************************************************************************, 
 , 
0.98, 900@DX!teta: 0.0, 15, 2, vtx:, 10, 90, 
sigma: , 9, 
[], 
------------------------------, 
****************************************, 
-14, 0.00077, of, 1, records,   speed:, 5.5e-05, 
-13, 0.001959, of, 4, records,   speed:, 0.000151, 
-10, 0.005072, of, 1, records,   speed:, 0.000507, 
-9, -0.001324, of, 2, records,   speed:, -0.000147, 
-7, -0.003541, of, 2, records,   speed:, -0.000506, 
-5, -0.000105, of, 2, records,   speed:, -2.1e-05, 
-4, -0.000613, of, 5, records,   speed:, -0.000153, 
-3, -0.001644, of, 12, records,   speed:, -0.000548, 
-2, -0.001177, of, 15, records,   speed:, -0.000589, 
-1, -0.001256, of, 16, records,   speed:, -0.001256, 
1, -0.000979, of, 21, records,   speed:, -0.000979, 
2, 0.000453, of, 10, records,   speed:, 0.000226, 
3, 0.000564, of, 11, records,   speed:, 0.000188, 
4, 0.00214, of, 5, records,   speed:, 0.000535, 
5, 0.001406, of, 12, records,   speed:, 0.000281, 
6, 0.001065, of, 7, records,   speed:, 0.000177, 
7, 0.001465, of, 4, records,   speed:, 0.000209, 
8, 0.00287, of, 6, records,   speed:, 0.000359, 
11, 0.004, of, 3, records,   speed:, 0.000364, 
12, 0.006723, of, 1, records,   speed:, 0.00056, 
13, 0.000239, of, 1, records,   speed:, 1.8e-05, 
16, 0.001947, of, 2, records,   speed:, 0.000122, 
-14, 0.00077, of, 1, records,   speed:, 5.5e-05, 
-13, 0.00245, of, 4, records,   speed:, 0.000188, 
-10, 0.005072, of, 1, records,   speed:, 0.000507, 
-9, 0.001693, of, 2, records,   speed:, 0.000188, 
-7, 0.003541, of, 2, records,   speed:, 0.000506, 
-5, 0.000401, of, 2, records,   speed:, 8e-05, 
-4, 0.000727, of, 5, records,   speed:, 0.000182, 
-3, 0.00167, of, 12, records,   speed:, 0.000557, 
-2, 0.001806, of, 15, records,   speed:, 0.000903, 
-1, 0.001861, of, 16, records,   speed:, 0.001861, 
1, 0.001874, of, 21, records,   speed:, 0.001874, 
2, 0.002184, of, 10, records,   speed:, 0.001092, 
3, 0.002865, of, 11, records,   speed:, 0.000955, 
4, 0.002661, of, 5, records,   speed:, 0.000665, 
5, 0.00218, of, 12, records,   speed:, 0.000436, 
6, 0.00252, of, 7, records,   speed:, 0.00042, 
7, 0.001465, of, 4, records,   speed:, 0.000209, 
8, 0.004151, of, 6, records,   speed:, 0.000519, 
11, 0.004, of, 3, records,   speed:, 0.000364, 
12, 0.006723, of, 1, records,   speed:, 0.00056, 
13, 0.000239, of, 1, records,   speed:, 1.8e-05, 
16, 0.001947, of, 2, records,   speed:, 0.000122, 
AVG error:, -0.04047575700133920686134662092, of , 144, records speed, 
AVGabsErr:, 0.0009160308295564361014774685256, of , 144, records speed, 
****************************************************************************************************, 
 , 
0.98, 900@DX!teta: 0.3, 15, 2, vtx:, 10, 90, 
sigma: , 9, 
[], 
------------------------------, 
****************************************, 
-15, 0.00077, of, 1, records,   speed:, 5.1e-05, 
-14, 0.0034, of, 2, records,   speed:, 0.000243, 
-10, 0.001486, of, 3, records,   speed:, 0.000149, 
-9, -0.001611, of, 3, records,   speed:, -0.000179, 
-8, -0.00325, of, 1, records,   speed:, -0.000406, 
-7, -0.000506, of, 1, records,   speed:, -7.2e-05, 
-5, -0.000979, of, 4, records,   speed:, -0.000196, 
-4, -0.001837, of, 4, records,   speed:, -0.000459, 
-3, -0.001033, of, 9, records,   speed:, -0.000344, 
-2, -0.001619, of, 15, records,   speed:, -0.000809, 
-1, -0.000839, of, 19, records,   speed:, -0.000839, 
1, -0.001163, of, 17, records,   speed:, -0.001163, 
2, 0.000198, of, 15, records,   speed:, 9.9e-05, 
3, 0.001621, of, 10, records,   speed:, 0.00054, 
4, -0.000326, of, 4, records,   speed:, -8.1e-05, 
5, 0.001923, of, 10, records,   speed:, 0.000385, 
6, -0.000171, of, 9, records,   speed:, -2.9e-05, 
7, 0.002587, of, 3, records,   speed:, 0.00037, 
8, 0.003176, of, 6, records,   speed:, 0.000397, 
9, 0.002748, of, 1, records,   speed:, 0.000305, 
10, 0.004464, of, 2, records,   speed:, 0.000446, 
11, 0.003072, of, 1, records,   speed:, 0.000279, 
12, 0.000555, of, 1, records,   speed:, 4.6e-05, 
13, 0.006723, of, 1, records,   speed:, 0.000517, 
14, 0.000239, of, 1, records,   speed:, 1.7e-05, 
16, 0.000173, of, 1, records,   speed:, 1.1e-05, 
19, 0.00372, of, 1, records,   speed:, 0.000196, 
-15, 0.00077, of, 1, records,   speed:, 5.1e-05, 
-14, 0.0034, of, 2, records,   speed:, 0.000243, 
-10, 0.002141, of, 3, records,   speed:, 0.000214, 
-9, 0.002955, of, 3, records,   speed:, 0.000328, 
-8, 0.00325, of, 1, records,   speed:, 0.000406, 
-7, 0.000506, of, 1, records,   speed:, 7.2e-05, 
-5, 0.001127, of, 4, records,   speed:, 0.000225, 
-4, 0.001837, of, 4, records,   speed:, 0.000459, 
-3, 0.001574, of, 9, records,   speed:, 0.000525, 
-2, 0.001901, of, 15, records,   speed:, 0.000951, 
-1, 0.001588, of, 19, records,   speed:, 0.001588, 
1, 0.00177, of, 17, records,   speed:, 0.00177, 
2, 0.002647, of, 15, records,   speed:, 0.001323, 
3, 0.002882, of, 10, records,   speed:, 0.000961, 
4, 0.001975, of, 4, records,   speed:, 0.000494, 
5, 0.002206, of, 10, records,   speed:, 0.000441, 
6, 0.002324, of, 9, records,   speed:, 0.000387, 
7, 0.002587, of, 3, records,   speed:, 0.00037, 
8, 0.003176, of, 6, records,   speed:, 0.000397, 
9, 0.002748, of, 1, records,   speed:, 0.000305, 
10, 0.004464, of, 2, records,   speed:, 0.000446, 
11, 0.003072, of, 1, records,   speed:, 0.000279, 
12, 0.000555, of, 1, records,   speed:, 4.6e-05, 
13, 0.006723, of, 1, records,   speed:, 0.000517, 
14, 0.000239, of, 1, records,   speed:, 1.7e-05, 
16, 0.000173, of, 1, records,   speed:, 1.1e-05, 
19, 0.00372, of, 1, records,   speed:, 0.000196, 
AVG error:, -0.03769846204891510288039980466, of , 146, records speed, 
AVGabsErr:, 0.0008884269783013889885025676178, of , 146, records speed, 
****************************************************************************************************, 
 , 
0.98, 900@DX!teta: 0.6, 15, 2, vtx:, 10, 90, 
sigma: , 9, 
[], 
------------------------------, 
****************************************, 
-17, 0.00077, of, 1, records,   speed:, 4.5e-05, 
-15, 0.00603, of, 1, records,   speed:, 0.000402, 
-13, 0.00077, of, 1, records,   speed:, 5.9e-05, 
-12, 0.000369, of, 1, records,   speed:, 3.1e-05, 
-11, -0.003831, of, 1, records,   speed:, -0.000348, 
-10, -0.000426, of, 4, records,   speed:, -4.3e-05, 
-7, -0.001645, of, 2, records,   speed:, -0.000235, 
-6, -0.000765, of, 3, records,   speed:, -0.000128, 
-5, -0.000734, of, 3, records,   speed:, -0.000147, 
-4, -0.000763, of, 3, records,   speed:, -0.000191, 
-3, -0.001676, of, 13, records,   speed:, -0.000559, 
-2, -0.001097, of, 13, records,   speed:, -0.000549, 
-1, -0.000852, of, 20, records,   speed:, -0.000852, 
1, 9e-05, of, 21, records,   speed:, 9e-05, 
2, 0.000577, of, 10, records,   speed:, 0.000288, 
3, -0.000871, of, 6, records,   speed:, -0.00029, 
4, 0.000243, of, 10, records,   speed:, 6.1e-05, 
5, 0.000802, of, 9, records,   speed:, 0.00016, 
6, 0.002048, of, 6, records,   speed:, 0.000341, 
7, 0.000257, of, 4, records,   speed:, 3.7e-05, 
8, 0.002706, of, 5, records,   speed:, 0.000338, 
9, 0.003568, of, 2, records,   speed:, 0.000396, 
10, 0.00372, of, 4, records,   speed:, 0.000372, 
12, 0.003072, of, 1, records,   speed:, 0.000256, 
14, 0.00147, of, 1, records,   speed:, 0.000105, 
15, 0.003481, of, 2, records,   speed:, 0.000232, 
17, 0.000364, of, 2, records,   speed:, 2.1e-05, 
-17, 0.00077, of, 1, records,   speed:, 4.5e-05, 
-15, 0.00603, of, 1, records,   speed:, 0.000402, 
-13, 0.00077, of, 1, records,   speed:, 5.9e-05, 
-12, 0.000369, of, 1, records,   speed:, 3.1e-05, 
-11, 0.003831, of, 1, records,   speed:, 0.000348, 
-10, 0.002961, of, 4, records,   speed:, 0.000296, 
-7, 0.001645, of, 2, records,   speed:, 0.000235, 
-6, 0.00211, of, 3, records,   speed:, 0.000352, 
-5, 0.000931, of, 3, records,   speed:, 0.000186, 
-4, 0.000866, of, 3, records,   speed:, 0.000216, 
-3, 0.002316, of, 13, records,   speed:, 0.000772, 
-2, 0.001787, of, 13, records,   speed:, 0.000894, 
-1, 0.001379, of, 20, records,   speed:, 0.001379, 
1, 0.002013, of, 21, records,   speed:, 0.002013, 
2, 0.002573, of, 10, records,   speed:, 0.001287, 
3, 0.002207, of, 6, records,   speed:, 0.000736, 
4, 0.002757, of, 10, records,   speed:, 0.000689, 
5, 0.002105, of, 9, records,   speed:, 0.000421, 
6, 0.002048, of, 6, records,   speed:, 0.000341, 
7, 0.001374, of, 4, records,   speed:, 0.000196, 
8, 0.003227, of, 5, records,   speed:, 0.000403, 
9, 0.003568, of, 2, records,   speed:, 0.000396, 
10, 0.00372, of, 4, records,   speed:, 0.000372, 
12, 0.003072, of, 1, records,   speed:, 0.000256, 
14, 0.00147, of, 1, records,   speed:, 0.000105, 
15, 0.003481, of, 2, records,   speed:, 0.000232, 
17, 0.000364, of, 2, records,   speed:, 2.1e-05, 
AVG error:, -0.02098634462011633139992650140, of , 151, records speed, 
AVGabsErr:, 0.0008769608266705031610814742920, of , 151, records speed, 
****************************************************************************************************, 
 , 
0.98, 900@DX!teta: 0.0, 15, 2, vtx:, 10, 90, 
sigma: , 9, 
[], 
------------------------------, 
****************************************, 
-14, 0.00077, of, 1, records,   speed:, 5.5e-05, 
-13, 0.001959, of, 4, records,   speed:, 0.000151, 
-10, 0.005072, of, 1, records,   speed:, 0.000507, 
-9, -0.001324, of, 2, records,   speed:, -0.000147, 
-7, -0.003541, of, 2, records,   speed:, -0.000506, 
-5, -0.000105, of, 2, records,   speed:, -2.1e-05, 
-4, -0.000613, of, 5, records,   speed:, -0.000153, 
-3, -0.001644, of, 12, records,   speed:, -0.000548, 
-2, -0.001177, of, 15, records,   speed:, -0.000589, 
-1, -0.001256, of, 16, records,   speed:, -0.001256, 
1, -0.000979, of, 21, records,   speed:, -0.000979, 
2, 0.000453, of, 10, records,   speed:, 0.000226, 
3, 0.000564, of, 11, records,   speed:, 0.000188, 
4, 0.00214, of, 5, records,   speed:, 0.000535, 
5, 0.001406, of, 12, records,   speed:, 0.000281, 
6, 0.001065, of, 7, records,   speed:, 0.000177, 
7, 0.001465, of, 4, records,   speed:, 0.000209, 
8, 0.00287, of, 6, records,   speed:, 0.000359, 
11, 0.004, of, 3, records,   speed:, 0.000364, 
12, 0.006723, of, 1, records,   speed:, 0.00056, 
13, 0.000239, of, 1, records,   speed:, 1.8e-05, 
16, 0.001947, of, 2, records,   speed:, 0.000122, 
-14, 0.00077, of, 1, records,   speed:, 5.5e-05, 
-13, 0.00245, of, 4, records,   speed:, 0.000188, 
-10, 0.005072, of, 1, records,   speed:, 0.000507, 
-9, 0.001693, of, 2, records,   speed:, 0.000188, 
-7, 0.003541, of, 2, records,   speed:, 0.000506, 
-5, 0.000401, of, 2, records,   speed:, 8e-05, 
-4, 0.000727, of, 5, records,   speed:, 0.000182, 
-3, 0.00167, of, 12, records,   speed:, 0.000557, 
-2, 0.001806, of, 15, records,   speed:, 0.000903, 
-1, 0.001861, of, 16, records,   speed:, 0.001861, 
1, 0.001874, of, 21, records,   speed:, 0.001874, 
2, 0.002184, of, 10, records,   speed:, 0.001092, 
3, 0.002865, of, 11, records,   speed:, 0.000955, 
4, 0.002661, of, 5, records,   speed:, 0.000665, 
5, 0.00218, of, 12, records,   speed:, 0.000436, 
6, 0.00252, of, 7, records,   speed:, 0.00042, 
7, 0.001465, of, 4, records,   speed:, 0.000209, 
8, 0.004151, of, 6, records,   speed:, 0.000519, 
11, 0.004, of, 3, records,   speed:, 0.000364, 
12, 0.006723, of, 1, records,   speed:, 0.00056, 
13, 0.000239, of, 1, records,   speed:, 1.8e-05, 
16, 0.001947, of, 2, records,   speed:, 0.000122, 
('AVG error:', Decimal('0.0001004937042215756182415174777'), 'of ', 144, 'records'), 
('AVGerrorSpeed:', Decimal('-0.0002810816458426333809815737563'), 'of ', 144, 'records'), 
('AVGabsErr:', Decimal('0.002159916498054395473994221211'), 'of ', 144, 'records speed'), 
0.98, 900@DX!teta: 0.0, 15, 2, vtx:, 10, 90, 
sigma: , 9, 
[], 
------------------------------, 
****************************************, 
-14, 0.00077, of, 1, records,   speed:, 5.5e-05, 
-13, 0.001959, of, 4, records,   speed:, 0.000151, 
-10, 0.005072, of, 1, records,   speed:, 0.000507, 
-9, -0.001324, of, 2, records,   speed:, -0.000147, 
-7, -0.003541, of, 2, records,   speed:, -0.000506, 
-5, -0.000105, of, 2, records,   speed:, -2.1e-05, 
-4, -0.000613, of, 5, records,   speed:, -0.000153, 
-3, -0.001644, of, 12, records,   speed:, -0.000548, 
-2, -0.001177, of, 15, records,   speed:, -0.000589, 
-1, -0.001256, of, 16, records,   speed:, -0.001256, 
1, -0.000979, of, 21, records,   speed:, -0.000979, 
2, 0.000453, of, 10, records,   speed:, 0.000226, 
3, 0.000564, of, 11, records,   speed:, 0.000188, 
4, 0.00214, of, 5, records,   speed:, 0.000535, 
5, 0.001406, of, 12, records,   speed:, 0.000281, 
6, 0.001065, of, 7, records,   speed:, 0.000177, 
7, 0.001465, of, 4, records,   speed:, 0.000209, 
8, 0.00287, of, 6, records,   speed:, 0.000359, 
11, 0.004, of, 3, records,   speed:, 0.000364, 
12, 0.006723, of, 1, records,   speed:, 0.00056, 
13, 0.000239, of, 1, records,   speed:, 1.8e-05, 
16, 0.001947, of, 2, records,   speed:, 0.000122, 
-14, 0.00077, of, 1, records,   speed:, 5.5e-05, 
-13, 0.00245, of, 4, records,   speed:, 0.000188, 
-10, 0.005072, of, 1, records,   speed:, 0.000507, 
-9, 0.001693, of, 2, records,   speed:, 0.000188, 
-7, 0.003541, of, 2, records,   speed:, 0.000506, 
-5, 0.000401, of, 2, records,   speed:, 8e-05, 
-4, 0.000727, of, 5, records,   speed:, 0.000182, 
-3, 0.00167, of, 12, records,   speed:, 0.000557, 
-2, 0.001806, of, 15, records,   speed:, 0.000903, 
-1, 0.001861, of, 16, records,   speed:, 0.001861, 
1, 0.001874, of, 21, records,   speed:, 0.001874, 
2, 0.002184, of, 10, records,   speed:, 0.001092, 
3, 0.002865, of, 11, records,   speed:, 0.000955, 
4, 0.002661, of, 5, records,   speed:, 0.000665, 
5, 0.00218, of, 12, records,   speed:, 0.000436, 
6, 0.00252, of, 7, records,   speed:, 0.00042, 
7, 0.001465, of, 4, records,   speed:, 0.000209, 
8, 0.004151, of, 6, records,   speed:, 0.000519, 
11, 0.004, of, 3, records,   speed:, 0.000364, 
12, 0.006723, of, 1, records,   speed:, 0.00056, 
13, 0.000239, of, 1, records,   speed:, 1.8e-05, 
16, 0.001947, of, 2, records,   speed:, 0.000122, 
('AVG error:', Decimal('0.0001004937042215756182415174777'), 'of ', 144, 'records'), 
('AVGerrorSpeed:', Decimal('-0.0002810816458426333809815737563'), 'of ', 144, 'records'), 
('AVGabsErr:', Decimal('0.002159916498054395473994221211'), 'of ', 144, 'records speed'), 
('AVGabsErrSpeed:', Decimal('0.0009160308295564361014774685256'), 'of ', 144, 'records speed'), 
****************************************************************************************************, 
 , 
0.98, 900@DX!teta: 0.0, 15, 2, vtx:, 10, 90, 
sigma: , 9, 
[], 
------------------------------, 
****************************************, 
-14, 0.00077, of, 1, records,   speed:, 5.5e-05, 
-13, 0.001959, of, 4, records,   speed:, 0.000151, 
-10, 0.005072, of, 1, records,   speed:, 0.000507, 
-9, -0.001324, of, 2, records,   speed:, -0.000147, 
-7, -0.003541, of, 2, records,   speed:, -0.000506, 
-5, -0.000105, of, 2, records,   speed:, -2.1e-05, 
-4, -0.000613, of, 5, records,   speed:, -0.000153, 
-3, -0.001644, of, 12, records,   speed:, -0.000548, 
-2, -0.001177, of, 15, records,   speed:, -0.000589, 
-1, -0.001256, of, 16, records,   speed:, -0.001256, 
1, -0.000979, of, 21, records,   speed:, -0.000979, 
2, 0.000453, of, 10, records,   speed:, 0.000226, 
3, 0.000564, of, 11, records,   speed:, 0.000188, 
4, 0.00214, of, 5, records,   speed:, 0.000535, 
5, 0.001406, of, 12, records,   speed:, 0.000281, 
6, 0.001065, of, 7, records,   speed:, 0.000177, 
7, 0.001465, of, 4, records,   speed:, 0.000209, 
8, 0.00287, of, 6, records,   speed:, 0.000359, 
11, 0.004, of, 3, records,   speed:, 0.000364, 
12, 0.006723, of, 1, records,   speed:, 0.00056, 
13, 0.000239, of, 1, records,   speed:, 1.8e-05, 
16, 0.001947, of, 2, records,   speed:, 0.000122, 
-14, 0.00077, of, 1, records,   speed:, 5.5e-05, 
-13, 0.00245, of, 4, records,   speed:, 0.000188, 
-10, 0.005072, of, 1, records,   speed:, 0.000507, 
-9, 0.001693, of, 2, records,   speed:, 0.000188, 
-7, 0.003541, of, 2, records,   speed:, 0.000506, 
-5, 0.000401, of, 2, records,   speed:, 8e-05, 
-4, 0.000727, of, 5, records,   speed:, 0.000182, 
-3, 0.00167, of, 12, records,   speed:, 0.000557, 
-2, 0.001806, of, 15, records,   speed:, 0.000903, 
-1, 0.001861, of, 16, records,   speed:, 0.001861, 
1, 0.001874, of, 21, records,   speed:, 0.001874, 
2, 0.002184, of, 10, records,   speed:, 0.001092, 
3, 0.002865, of, 11, records,   speed:, 0.000955, 
4, 0.002661, of, 5, records,   speed:, 0.000665, 
5, 0.00218, of, 12, records,   speed:, 0.000436, 
6, 0.00252, of, 7, records,   speed:, 0.00042, 
7, 0.001465, of, 4, records,   speed:, 0.000209, 
8, 0.004151, of, 6, records,   speed:, 0.000519, 
11, 0.004, of, 3, records,   speed:, 0.000364, 
12, 0.006723, of, 1, records,   speed:, 0.00056, 
13, 0.000239, of, 1, records,   speed:, 1.8e-05, 
16, 0.001947, of, 2, records,   speed:, 0.000122, 
('AVG error:', Decimal('0.0001004937042215756182415174777'), 'of ', 144, 'records'), 
('AVGerrorSpeed:', Decimal('-0.0002810816458426333809815737563'), 'of ', 144, 'records'), 
('AVGabsErr:', Decimal('0.002159916498054395473994221211'), 'of ', 144, 'records speed'), 
('AVGabsErrSpeed:', Decimal('0.0009160308295564361014774685256'), 'of ', 144, 'records speed'), 
****************************************************************************************************, 
 , 
0.98, 900@DX!teta: 0.0, 15, 2, vtx:, 10, 90, 
sigma: , 9, 
[], 
------------------------------, 
****************************************, 
-14, 0.00077, of, 1, records,   speed:, 5.5e-05, 
-13, 0.001959, of, 4, records,   speed:, 0.000151, 
-10, 0.005072, of, 1, records,   speed:, 0.000507, 
-9, -0.001324, of, 2, records,   speed:, -0.000147, 
-7, -0.003541, of, 2, records,   speed:, -0.000506, 
-5, -0.000105, of, 2, records,   speed:, -2.1e-05, 
-4, -0.000613, of, 5, records,   speed:, -0.000153, 
-3, -0.001644, of, 12, records,   speed:, -0.000548, 
-2, -0.001177, of, 15, records,   speed:, -0.000589, 
-1, -0.001256, of, 16, records,   speed:, -0.001256, 
1, -0.000979, of, 21, records,   speed:, -0.000979, 
2, 0.000453, of, 10, records,   speed:, 0.000226, 
3, 0.000564, of, 11, records,   speed:, 0.000188, 
4, 0.00214, of, 5, records,   speed:, 0.000535, 
5, 0.001406, of, 12, records,   speed:, 0.000281, 
6, 0.001065, of, 7, records,   speed:, 0.000177, 
7, 0.001465, of, 4, records,   speed:, 0.000209, 
8, 0.00287, of, 6, records,   speed:, 0.000359, 
11, 0.004, of, 3, records,   speed:, 0.000364, 
12, 0.006723, of, 1, records,   speed:, 0.00056, 
13, 0.000239, of, 1, records,   speed:, 1.8e-05, 
16, 0.001947, of, 2, records,   speed:, 0.000122, 
-14, 0.00077, of, 1, records,   speed:, 5.5e-05, 
-13, 0.00245, of, 4, records,   speed:, 0.000188, 
-10, 0.005072, of, 1, records,   speed:, 0.000507, 
-9, 0.001693, of, 2, records,   speed:, 0.000188, 
-7, 0.003541, of, 2, records,   speed:, 0.000506, 
-5, 0.000401, of, 2, records,   speed:, 8e-05, 
-4, 0.000727, of, 5, records,   speed:, 0.000182, 
-3, 0.00167, of, 12, records,   speed:, 0.000557, 
-2, 0.001806, of, 15, records,   speed:, 0.000903, 
-1, 0.001861, of, 16, records,   speed:, 0.001861, 
1, 0.001874, of, 21, records,   speed:, 0.001874, 
2, 0.002184, of, 10, records,   speed:, 0.001092, 
3, 0.002865, of, 11, records,   speed:, 0.000955, 
4, 0.002661, of, 5, records,   speed:, 0.000665, 
5, 0.00218, of, 12, records,   speed:, 0.000436, 
6, 0.00252, of, 7, records,   speed:, 0.00042, 
7, 0.001465, of, 4, records,   speed:, 0.000209, 
8, 0.004151, of, 6, records,   speed:, 0.000519, 
11, 0.004, of, 3, records,   speed:, 0.000364, 
12, 0.006723, of, 1, records,   speed:, 0.00056, 
13, 0.000239, of, 1, records,   speed:, 1.8e-05, 
16, 0.001947, of, 2, records,   speed:, 0.000122, 
['AVG error:', Decimal('0.0001004937042215756182415174777'), 'of ', 144, 'records'], 
['AVGerrorSpeed:', Decimal('-0.0002810816458426333809815737563'), 'of ', 144, 'records'], 
['AVGabsErr:', Decimal('0.002159916498054395473994221211'), 'of ', 144, 'records speed'], 
['AVGabsErrSpeed:', Decimal('0.0009160308295564361014774685256'), 'of ', 144, 'records speed'], 
****************************************************************************************************, 
 , 
0.98, 900@DX!teta: 0.0, 15, 2, vtx:, 10, 90, 
sigma: , 9, 
[], 
------------------------------, 
****************************************, 
-14, 0.00077, of, 1, records,   speed:, 5.5e-05, 
-13, 0.001959, of, 4, records,   speed:, 0.000151, 
-10, 0.005072, of, 1, records,   speed:, 0.000507, 
-9, -0.001324, of, 2, records,   speed:, -0.000147, 
-7, -0.003541, of, 2, records,   speed:, -0.000506, 
-5, -0.000105, of, 2, records,   speed:, -2.1e-05, 
-4, -0.000613, of, 5, records,   speed:, -0.000153, 
-3, -0.001644, of, 12, records,   speed:, -0.000548, 
-2, -0.001177, of, 15, records,   speed:, -0.000589, 
-1, -0.001256, of, 16, records,   speed:, -0.001256, 
1, -0.000979, of, 21, records,   speed:, -0.000979, 
2, 0.000453, of, 10, records,   speed:, 0.000226, 
3, 0.000564, of, 11, records,   speed:, 0.000188, 
4, 0.00214, of, 5, records,   speed:, 0.000535, 
5, 0.001406, of, 12, records,   speed:, 0.000281, 
6, 0.001065, of, 7, records,   speed:, 0.000177, 
7, 0.001465, of, 4, records,   speed:, 0.000209, 
8, 0.00287, of, 6, records,   speed:, 0.000359, 
11, 0.004, of, 3, records,   speed:, 0.000364, 
12, 0.006723, of, 1, records,   speed:, 0.00056, 
13, 0.000239, of, 1, records,   speed:, 1.8e-05, 
16, 0.001947, of, 2, records,   speed:, 0.000122, 
-14, 0.00077, of, 1, records,   speed:, 5.5e-05, 
-13, 0.00245, of, 4, records,   speed:, 0.000188, 
-10, 0.005072, of, 1, records,   speed:, 0.000507, 
-9, 0.001693, of, 2, records,   speed:, 0.000188, 
-7, 0.003541, of, 2, records,   speed:, 0.000506, 
-5, 0.000401, of, 2, records,   speed:, 8e-05, 
-4, 0.000727, of, 5, records,   speed:, 0.000182, 
-3, 0.00167, of, 12, records,   speed:, 0.000557, 
-2, 0.001806, of, 15, records,   speed:, 0.000903, 
-1, 0.001861, of, 16, records,   speed:, 0.001861, 
1, 0.001874, of, 21, records,   speed:, 0.001874, 
2, 0.002184, of, 10, records,   speed:, 0.001092, 
3, 0.002865, of, 11, records,   speed:, 0.000955, 
4, 0.002661, of, 5, records,   speed:, 0.000665, 
5, 0.00218, of, 12, records,   speed:, 0.000436, 
6, 0.00252, of, 7, records,   speed:, 0.00042, 
7, 0.001465, of, 4, records,   speed:, 0.000209, 
8, 0.004151, of, 6, records,   speed:, 0.000519, 
11, 0.004, of, 3, records,   speed:, 0.000364, 
12, 0.006723, of, 1, records,   speed:, 0.00056, 
