0.993, 100000@20, 15, 1, vtx:, 10, 90, 
sigma: , 9, 
['950:', 0.005553], 
------------------------------, 
****************************************, 
-73, 5e-06, of, 1, records,   speed:, 0.0, 
-51, -0.00157, of, 1, records,   speed:, -3.1e-05, 
-41, -0.005397, of, 1, records,   speed:, -0.000132, 
-32, -0.001526, of, 2, records,   speed:, -4.8e-05, 
-31, -0.002007, of, 2, records,   speed:, -6.5e-05, 
-30, -5e-06, of, 1, records,   speed:, -0.0, 
-25, 0.001378, of, 1, records,   speed:, 5.5e-05, 
-24, -0.000111, of, 1, records,   speed:, -5e-06, 
-23, -0.00206, of, 1, records,   speed:, -9e-05, 
-22, -0.000435, of, 1, records,   speed:, -2e-05, 
-21, -0.002026, of, 2, records,   speed:, -9.6e-05, 
-20, -0.003783, of, 5, records,   speed:, -0.000189, 
-19, -0.003254, of, 6, records,   speed:, -0.000171, 
-18, -0.003735, of, 4, records,   speed:, -0.000207, 
-17, -0.002527, of, 9, records,   speed:, -0.000149, 
-16, -0.002651, of, 12, records,   speed:, -0.000166, 
-15, -0.004797, of, 6, records,   speed:, -0.00032, 
-14, -0.00293, of, 7, records,   speed:, -0.000209, 
-13, -0.004116, of, 18, records,   speed:, -0.000317, 
-12, -0.008198, of, 37, records,   speed:, -0.000683, 
-11, -0.013493, of, 61, records,   speed:, -0.001227, 
-10, -0.008652, of, 44, records,   speed:, -0.000865, 
-9, -0.007983, of, 94, records,   speed:, -0.000887, 
-8, -0.007836, of, 118, records,   speed:, -0.00098, 
-7, -0.007551, of, 132, records,   speed:, -0.001079, 
-6, -0.005219, of, 139, records,   speed:, -0.00087, 
-5, -0.003964, of, 227, records,   speed:, -0.000793, 
-4, -0.002745, of, 246, records,   speed:, -0.000686, 
-3, -0.003435, of, 288, records,   speed:, -0.001145, 
-2, -0.001871, of, 368, records,   speed:, -0.000935, 
-1, -0.001255, of, 357, records,   speed:, -0.001255, 
1, 9e-05, of, 388, records,   speed:, 9e-05, 
2, 0.001207, of, 377, records,   speed:, 0.000603, 
3, 0.003786, of, 319, records,   speed:, 0.001262, 
4, 0.005207, of, 268, records,   speed:, 0.001302, 
5, 0.005643, of, 230, records,   speed:, 0.001129, 
6, 0.008161, of, 216, records,   speed:, 0.00136, 
7, 0.008271, of, 139, records,   speed:, 0.001182, 
8, 0.006301, of, 94, records,   speed:, 0.000788, 
9, 0.004986, of, 120, records,   speed:, 0.000554, 
10, 0.009559, of, 69, records,   speed:, 0.000956, 
11, 0.007281, of, 41, records,   speed:, 0.000662, 
12, 0.008047, of, 33, records,   speed:, 0.000671, 
13, 0.006505, of, 20, records,   speed:, 0.0005, 
14, 0.010432, of, 14, records,   speed:, 0.000745, 
15, 0.010351, of, 4, records,   speed:, 0.00069, 
16, 0.001794, of, 3, records,   speed:, 0.000112, 
17, 0.000808, of, 2, records,   speed:, 4.8e-05, 
18, 0.005195, of, 1, records,   speed:, 0.000289, 
19, 0.004357, of, 4, records,   speed:, 0.000229, 
20, 0.003866, of, 1, records,   speed:, 0.000193, 
21, 0.004452, of, 2, records,   speed:, 0.000212, 
23, 0.009453, of, 1, records,   speed:, 0.000411, 
25, 0.00268, of, 1, records,   speed:, 0.000107, 
31, 0.003155, of, 1, records,   speed:, 0.000102, 
32, 0.002559, of, 1, records,   speed:, 8e-05, 
0.993, 100000@20, 15, 5, vtx:, 10, 90, 
sigma: , 9, 
['950:', 0.006146], 
------------------------------, 
****************************************, 
-73, 5e-06, of, 1, records,   speed:, 0.0, 
-51, -0.001597, of, 1, records,   speed:, -3.1e-05, 
-41, -0.006083, of, 1, records,   speed:, -0.000148, 
-35, -0.001103, of, 1, records,   speed:, -3.2e-05, 
-32, -0.002636, of, 2, records,   speed:, -8.2e-05, 
-31, -0.003779, of, 2, records,   speed:, -0.000122, 
-30, 0.002337, of, 1, records,   speed:, 7.8e-05, 
-28, -0.005167, of, 1, records,   speed:, -0.000185, 
-25, 0.001389, of, 1, records,   speed:, 5.6e-05, 
-24, -0.000111, of, 1, records,   speed:, -5e-06, 
-23, -0.003097, of, 1, records,   speed:, -0.000135, 
-22, -0.000249, of, 1, records,   speed:, -1.1e-05, 
-21, -0.003885, of, 2, records,   speed:, -0.000185, 
-20, -0.007683, of, 5, records,   speed:, -0.000384, 
-19, -0.004665, of, 7, records,   speed:, -0.000246, 
-18, -0.005225, of, 4, records,   speed:, -0.00029, 
-17, -0.004001, of, 10, records,   speed:, -0.000235, 
-16, -0.001872, of, 13, records,   speed:, -0.000117, 
-15, -0.006589, of, 8, records,   speed:, -0.000439, 
-14, -0.00388, of, 8, records,   speed:, -0.000277, 
-13, -0.007118, of, 20, records,   speed:, -0.000548, 
-12, -0.007411, of, 41, records,   speed:, -0.000618, 
-11, -0.016214, of, 63, records,   speed:, -0.001474, 
-10, -0.00874, of, 47, records,   speed:, -0.000874, 
-9, -0.009154, of, 104, records,   speed:, -0.001017, 
-8, -0.008516, of, 126, records,   speed:, -0.001065, 
-7, -0.008368, of, 144, records,   speed:, -0.001195, 
-6, -0.005319, of, 159, records,   speed:, -0.000887, 
-5, -0.004174, of, 244, records,   speed:, -0.000835, 
-4, -0.002805, of, 263, records,   speed:, -0.000701, 
-3, -0.003083, of, 317, records,   speed:, -0.001028, 
-2, -0.001708, of, 406, records,   speed:, -0.000854, 
-1, -0.001183, of, 398, records,   speed:, -0.001183, 
1, 0.000429, of, 419, records,   speed:, 0.000429, 
2, 0.001523, of, 411, records,   speed:, 0.000762, 
3, 0.003278, of, 347, records,   speed:, 0.001093, 
4, 0.005328, of, 287, records,   speed:, 0.001332, 
5, 0.005276, of, 243, records,   speed:, 0.001055, 
6, 0.006809, of, 225, records,   speed:, 0.001135, 
7, 0.008837, of, 143, records,   speed:, 0.001262, 
8, 0.010925, of, 101, records,   speed:, 0.001366, 
9, 0.008631, of, 124, records,   speed:, 0.000959, 
10, 0.010125, of, 71, records,   speed:, 0.001012, 
11, 0.007935, of, 42, records,   speed:, 0.000721, 
12, 0.007569, of, 38, records,   speed:, 0.000631, 
13, 0.007963, of, 21, records,   speed:, 0.000613, 
14, 0.009613, of, 16, records,   speed:, 0.000687, 
15, 0.008104, of, 5, records,   speed:, 0.00054, 
16, -0.00051, of, 5, records,   speed:, -3.2e-05, 
17, 6.4e-05, of, 4, records,   speed:, 4e-06, 
18, 0.000397, of, 2, records,   speed:, 2.2e-05, 
19, 0.003844, of, 4, records,   speed:, 0.000202, 
20, 0.002426, of, 1, records,   speed:, 0.000121, 
21, 0.00467, of, 2, records,   speed:, 0.000222, 
23, 0.009627, of, 1, records,   speed:, 0.000419, 
25, 0.003824, of, 1, records,   speed:, 0.000153, 
26, 0.003943, of, 1, records,   speed:, 0.000152, 
31, -0.001266, of, 1, records,   speed:, -4.1e-05, 
32, 0.002559, of, 1, records,   speed:, 8e-05, 
37, 0.006078, of, 1, records,   speed:, 0.000164, 
0.993, 100000@20, 15, 10, vtx:, 10, 90, 
sigma: , 9, 
['950:', 0.006576], 
------------------------------, 
****************************************, 
-73, -0.003668, of, 1, records,   speed:, -5e-05, 
-51, -0.002921, of, 1, records,   speed:, -5.7e-05, 
-41, -0.004373, of, 1, records,   speed:, -0.000107, 
-35, -0.009756, of, 1, records,   speed:, -0.000279, 
-32, -0.003077, of, 2, records,   speed:, -9.6e-05, 
-31, -0.004063, of, 2, records,   speed:, -0.000131, 
-30, 0.002319, of, 1, records,   speed:, 7.7e-05, 
-28, -0.004865, of, 1, records,   speed:, -0.000174, 
-25, -0.005003, of, 1, records,   speed:, -0.0002, 
-24, -7.4e-05, of, 1, records,   speed:, -3e-06, 
-23, -0.004339, of, 1, records,   speed:, -0.000189, 
-22, -0.000545, of, 1, records,   speed:, -2.5e-05, 
-21, -0.004264, of, 3, records,   speed:, -0.000203, 
-20, -0.007453, of, 5, records,   speed:, -0.000373, 
-19, -0.004828, of, 7, records,   speed:, -0.000254, 
-18, -0.002845, of, 4, records,   speed:, -0.000158, 
-17, -0.003854, of, 10, records,   speed:, -0.000227, 
-16, -0.001951, of, 13, records,   speed:, -0.000122, 
-15, -0.008186, of, 8, records,   speed:, -0.000546, 
-14, -0.004886, of, 8, records,   speed:, -0.000349, 
-13, -0.006915, of, 20, records,   speed:, -0.000532, 
-12, -0.008313, of, 41, records,   speed:, -0.000693, 
-11, -0.017899, of, 63, records,   speed:, -0.001627, 
-10, -0.009466, of, 47, records,   speed:, -0.000947, 
-9, -0.01068, of, 104, records,   speed:, -0.001187, 
-8, -0.008452, of, 128, records,   speed:, -0.001056, 
-7, -0.008096, of, 144, records,   speed:, -0.001157, 
-6, -0.004973, of, 159, records,   speed:, -0.000829, 
-5, -0.004737, of, 244, records,   speed:, -0.000947, 
-4, -0.002689, of, 265, records,   speed:, -0.000672, 
-3, -0.002883, of, 317, records,   speed:, -0.000961, 
-2, -0.001418, of, 412, records,   speed:, -0.000709, 
-1, -0.001117, of, 400, records,   speed:, -0.001117, 
1, -1.1e-05, of, 420, records,   speed:, -1.1e-05, 
2, 0.00163, of, 413, records,   speed:, 0.000815, 
3, 0.003311, of, 350, records,   speed:, 0.001104, 
4, 0.005009, of, 287, records,   speed:, 0.001252, 
5, 0.005087, of, 243, records,   speed:, 0.001017, 
6, 0.006663, of, 225, records,   speed:, 0.00111, 
7, 0.00932, of, 144, records,   speed:, 0.001331, 
8, 0.010892, of, 102, records,   speed:, 0.001362, 
9, 0.008849, of, 124, records,   speed:, 0.000983, 
10, 0.011054, of, 72, records,   speed:, 0.001105, 
11, 0.008698, of, 42, records,   speed:, 0.000791, 
12, 0.007481, of, 38, records,   speed:, 0.000623, 
13, 0.007947, of, 22, records,   speed:, 0.000611, 
14, 0.009034, of, 16, records,   speed:, 0.000645, 
15, 0.007702, of, 5, records,   speed:, 0.000513, 
16, 5.6e-05, of, 5, records,   speed:, 3e-06, 
17, 0.00111, of, 4, records,   speed:, 6.5e-05, 
18, 0.00282, of, 2, records,   speed:, 0.000157, 
19, 0.002969, of, 4, records,   speed:, 0.000156, 
20, 0.001226, of, 2, records,   speed:, 6.1e-05, 
21, 0.003284, of, 2, records,   speed:, 0.000156, 
23, 0.006834, of, 1, records,   speed:, 0.000297, 
25, 0.00381, of, 1, records,   speed:, 0.000152, 
26, 0.002657, of, 1, records,   speed:, 0.000102, 
31, 0.000328, of, 1, records,   speed:, 1.1e-05, 
32, -0.00147, of, 1, records,   speed:, -4.6e-05, 
37, 0.008123, of, 1, records,   speed:, 0.00022, 
