0.987, 900@DX!teta: 0.0, 15, 10, vtx:, 10, 90, 
sigma: , 9, 
[], 
------------------------------, 
****************************************, 
1, 0.000105, of, 1269, records,   speed:, 0.000105, 
2, 0.000508, of, 789, records,   speed:, 0.000254, 
3, 0.00035, of, 740, records,   speed:, 0.000117, 
4, 0.000679, of, 663, records,   speed:, 0.00017, 
6, 0.000751, of, 1116, records,   speed:, 0.000125, 
8, 0.001076, of, 900, records,   speed:, 0.000134, 
10, 0.001177, of, 641, records,   speed:, 0.000118, 
12, 0.001457, of, 485, records,   speed:, 0.000121, 
14, 0.00132, of, 379, records,   speed:, 9.4e-05, 
16, 0.000994, of, 286, records,   speed:, 6.2e-05, 
18, 0.001472, of, 205, records,   speed:, 8.2e-05, 
100, 0.001128, of, 1030, records,   speed:, 1.1e-05, 
1, 0.002604, of, 1269, records,   speed:, 0.002604, 
2, 0.002677, of, 789, records,   speed:, 0.001338, 
3, 0.002655, of, 740, records,   speed:, 0.000885, 
4, 0.002869, of, 663, records,   speed:, 0.000717, 
6, 0.002851, of, 1116, records,   speed:, 0.000475, 
8, 0.002843, of, 900, records,   speed:, 0.000355, 
10, 0.002861, of, 641, records,   speed:, 0.000286, 
12, 0.002807, of, 485, records,   speed:, 0.000234, 
14, 0.002719, of, 379, records,   speed:, 0.000194, 
16, 0.002749, of, 286, records,   speed:, 0.000172, 
18, 0.00269, of, 205, records,   speed:, 0.000149, 
100, 0.00268, of, 1030, records,   speed:, 2.7e-05, 
AVG error:, 0.0007949, of , 8503, records, 
AVGerrorSpeed:, 0.0001187, of , 8503, records, 
AVGabsErr:, 0.0027459, of , 8503, records speed, 
AVGabsErrSpeed:, 0.000802, of , 8503, records speed, 
****************************************************************************************************, 
 , 
0.987, 900@DX!teta: 0.3, 15, 10, vtx:, 10, 90, 
sigma: , 9, 
[], 
------------------------------, 
****************************************, 
1, 0.000114, of, 1260, records,   speed:, 0.000114, 
2, 0.000436, of, 756, records,   speed:, 0.000218, 
3, 0.000463, of, 695, records,   speed:, 0.000154, 
4, 0.000337, of, 645, records,   speed:, 8.4e-05, 
6, 0.000888, of, 1074, records,   speed:, 0.000148, 
8, 0.000991, of, 924, records,   speed:, 0.000124, 
10, 0.000984, of, 615, records,   speed:, 9.8e-05, 
12, 0.001364, of, 541, records,   speed:, 0.000114, 
14, 0.001502, of, 383, records,   speed:, 0.000107, 
16, 0.001188, of, 300, records,   speed:, 7.4e-05, 
18, 0.001751, of, 215, records,   speed:, 9.7e-05, 
100, 0.001011, of, 1102, records,   speed:, 1e-05, 
1, 0.002537, of, 1260, records,   speed:, 0.002537, 
2, 0.002807, of, 756, records,   speed:, 0.001403, 
3, 0.002736, of, 695, records,   speed:, 0.000912, 
4, 0.002593, of, 645, records,   speed:, 0.000648, 
6, 0.002828, of, 1074, records,   speed:, 0.000471, 
8, 0.002819, of, 924, records,   speed:, 0.000352, 
10, 0.002741, of, 615, records,   speed:, 0.000274, 
12, 0.002864, of, 541, records,   speed:, 0.000239, 
14, 0.002873, of, 383, records,   speed:, 0.000205, 
16, 0.002634, of, 300, records,   speed:, 0.000165, 
18, 0.00292, of, 215, records,   speed:, 0.000162, 
100, 0.002678, of, 1102, records,   speed:, 2.7e-05, 
AVG error:, 0.0007811, of , 8510, records, 
AVGerrorSpeed:, 0.000113, of , 8510, records, 
AVGabsErr:, 0.0027309, of , 8510, records speed, 
AVGabsErrSpeed:, 0.0007793, of , 8510, records speed, 
****************************************************************************************************, 
 , 
0.987, 900@DX!teta: 0.6, 15, 10, vtx:, 10, 90, 
sigma: , 9, 
[], 
------------------------------, 
****************************************, 
1, 0.000281, of, 1172, records,   speed:, 0.000281, 
2, 0.000557, of, 793, records,   speed:, 0.000278, 
3, 0.000447, of, 652, records,   speed:, 0.000149, 
4, 0.000659, of, 637, records,   speed:, 0.000165, 
6, 0.00065, of, 1044, records,   speed:, 0.000108, 
8, 0.00104, of, 893, records,   speed:, 0.00013, 
10, 0.001155, of, 672, records,   speed:, 0.000115, 
12, 0.001133, of, 505, records,   speed:, 9.4e-05, 
14, 0.001311, of, 417, records,   speed:, 9.4e-05, 
16, 0.00112, of, 289, records,   speed:, 7e-05, 
18, 0.001697, of, 243, records,   speed:, 9.4e-05, 
100, 0.001024, of, 1220, records,   speed:, 1e-05, 
1, 0.002606, of, 1172, records,   speed:, 0.002606, 
2, 0.002701, of, 793, records,   speed:, 0.001351, 
3, 0.002701, of, 652, records,   speed:, 0.0009, 
4, 0.002668, of, 637, records,   speed:, 0.000667, 
6, 0.00268, of, 1044, records,   speed:, 0.000447, 
8, 0.002891, of, 893, records,   speed:, 0.000361, 
10, 0.00284, of, 672, records,   speed:, 0.000284, 
12, 0.00281, of, 505, records,   speed:, 0.000234, 
14, 0.002668, of, 417, records,   speed:, 0.000191, 
16, 0.002855, of, 289, records,   speed:, 0.000178, 
18, 0.002731, of, 243, records,   speed:, 0.000152, 
100, 0.002713, of, 1220, records,   speed:, 2.7e-05, 
AVG error:, 0.0008166, of , 8537, records, 
AVGerrorSpeed:, 0.0001408, of , 8537, records, 
AVGabsErr:, 0.0027265, of , 8537, records speed, 
AVGabsErrSpeed:, 0.0007539, of , 8537, records speed, 
****************************************************************************************************, 
 , 
0.987, 900@DX!teta: 0.9, 15, 10, vtx:, 10, 90, 
sigma: , 9, 
[], 
------------------------------, 
****************************************, 
1, 0.000482, of, 1157, records,   speed:, 0.000482, 
2, 0.000602, of, 714, records,   speed:, 0.000301, 
3, 0.000685, of, 623, records,   speed:, 0.000228, 
4, 0.000534, of, 610, records,   speed:, 0.000134, 
6, 0.000825, of, 1092, records,   speed:, 0.000138, 
8, 0.000868, of, 842, records,   speed:, 0.000109, 
10, 0.00103, of, 671, records,   speed:, 0.000103, 
12, 0.001041, of, 534, records,   speed:, 8.7e-05, 
14, 0.001081, of, 395, records,   speed:, 7.7e-05, 
16, 0.001148, of, 328, records,   speed:, 7.2e-05, 
18, 0.001342, of, 240, records,   speed:, 7.5e-05, 
100, 0.001026, of, 1376, records,   speed:, 1e-05, 
1, 0.002627, of, 1157, records,   speed:, 0.002627, 
2, 0.002864, of, 714, records,   speed:, 0.001432, 
3, 0.002682, of, 623, records,   speed:, 0.000894, 
4, 0.002626, of, 610, records,   speed:, 0.000657, 
6, 0.002643, of, 1092, records,   speed:, 0.00044, 
8, 0.002895, of, 842, records,   speed:, 0.000362, 
10, 0.002862, of, 671, records,   speed:, 0.000286, 
12, 0.002785, of, 534, records,   speed:, 0.000232, 
14, 0.002786, of, 395, records,   speed:, 0.000199, 
16, 0.002759, of, 328, records,   speed:, 0.000172, 
18, 0.00253, of, 240, records,   speed:, 0.000141, 
100, 0.002727, of, 1376, records,   speed:, 2.7e-05, 
AVG error:, 0.0008341, of , 8582, records, 
AVGerrorSpeed:, 0.0001678, of , 8582, records, 
AVGabsErr:, 0.0027329, of , 8582, records speed, 
AVGabsErrSpeed:, 0.0007373, of , 8582, records speed, 
****************************************************************************************************, 
 , 
0.987, 900@DX!teta: 1.2, 15, 10, vtx:, 10, 90, 
sigma: , 9, 
[], 
------------------------------, 
****************************************, 
1, 0.000375, of, 1075, records,   speed:, 0.000375, 
2, 0.000688, of, 680, records,   speed:, 0.000344, 
3, 0.000804, of, 608, records,   speed:, 0.000268, 
4, 0.000478, of, 556, records,   speed:, 0.00012, 
6, 0.000686, of, 1029, records,   speed:, 0.000114, 
8, 0.000915, of, 892, records,   speed:, 0.000114, 
10, 0.001008, of, 667, records,   speed:, 0.000101, 
12, 0.000876, of, 544, records,   speed:, 7.3e-05, 
14, 0.001219, of, 432, records,   speed:, 8.7e-05, 
16, 0.001106, of, 303, records,   speed:, 6.9e-05, 
18, 0.001097, of, 270, records,   speed:, 6.1e-05, 
100, 0.000952, of, 1539, records,   speed:, 1e-05, 
1, 0.002591, of, 1075, records,   speed:, 0.002591, 
2, 0.002913, of, 680, records,   speed:, 0.001457, 
3, 0.00263, of, 608, records,   speed:, 0.000877, 
4, 0.002648, of, 556, records,   speed:, 0.000662, 
6, 0.002637, of, 1029, records,   speed:, 0.000439, 
8, 0.002794, of, 892, records,   speed:, 0.000349, 
10, 0.002907, of, 667, records,   speed:, 0.000291, 
12, 0.002783, of, 544, records,   speed:, 0.000232, 
14, 0.002924, of, 432, records,   speed:, 0.000209, 
16, 0.002703, of, 303, records,   speed:, 0.000169, 
18, 0.00258, of, 270, records,   speed:, 0.000143, 
100, 0.002723, of, 1539, records,   speed:, 2.7e-05, 
AVG error:, 0.0008051, of , 8595, records, 
AVGerrorSpeed:, 0.0001492, of , 8595, records, 
AVGabsErr:, 0.0027302, of , 8595, records speed, 
AVGabsErrSpeed:, 0.0006961, of , 8595, records speed, 
****************************************************************************************************, 
 , 
0.987, 900@DX!teta: 1.5, 15, 10, vtx:, 10, 90, 
sigma: , 9, 
[], 
------------------------------, 
****************************************, 
1, 0.000403, of, 993, records,   speed:, 0.000403, 
2, 0.00063, of, 659, records,   speed:, 0.000315, 
3, 0.000607, of, 592, records,   speed:, 0.000202, 
4, 0.000657, of, 537, records,   speed:, 0.000164, 
6, 0.000643, of, 992, records,   speed:, 0.000107, 
8, 0.000819, of, 845, records,   speed:, 0.000102, 
10, 0.000884, of, 710, records,   speed:, 8.8e-05, 
12, 0.000982, of, 524, records,   speed:, 8.2e-05, 
14, 0.000984, of, 412, records,   speed:, 7e-05, 
16, 0.001047, of, 325, records,   speed:, 6.5e-05, 
18, 0.000939, of, 296, records,   speed:, 5.2e-05, 
100, 0.000852, of, 1737, records,   speed:, 9e-06, 
1, 0.002635, of, 993, records,   speed:, 0.002635, 
2, 0.00281, of, 659, records,   speed:, 0.001405, 
3, 0.002796, of, 592, records,   speed:, 0.000932, 
4, 0.002637, of, 537, records,   speed:, 0.000659, 
6, 0.002646, of, 992, records,   speed:, 0.000441, 
8, 0.002809, of, 845, records,   speed:, 0.000351, 
10, 0.002832, of, 710, records,   speed:, 0.000283, 
12, 0.002852, of, 524, records,   speed:, 0.000238, 
14, 0.002802, of, 412, records,   speed:, 0.0002, 
16, 0.002789, of, 325, records,   speed:, 0.000174, 
18, 0.002788, of, 296, records,   speed:, 0.000155, 
100, 0.002685, of, 1737, records,   speed:, 2.7e-05, 
AVG error:, 0.0007542, of , 8622, records, 
AVGerrorSpeed:, 0.0001386, of , 8622, records, 
AVGabsErr:, 0.0027365, of , 8622, records speed, 
AVGabsErrSpeed:, 0.0006657, of , 8622, records speed, 
****************************************************************************************************, 

987, 0.0, 
987, 900@DX!teta: 0.0, 15, 10, vtx:, 10, 90, 
sigma: , 9, 
[], 
------------------------------, 
****************************************, 
1, -0.002362, of, 3, records,   speed:, -0.002362, 
2, -0.000467, of, 7, records,   speed:, -0.000233, 
3, -0.001317, of, 3, records,   speed:, -0.000439, 
4, -0.003327, of, 1, records,   speed:, -0.000832, 
5, 0.000284, of, 7, records,   speed:, 5.7e-05, 
6, -0.002436, of, 5, records,   speed:, -0.000406, 
9, -0.000198, of, 12, records,   speed:, -2.2e-05, 
12, 0.001156, of, 3, records,   speed:, 9.6e-05, 
18, 0.002752, of, 10, records,   speed:, 0.000153, 
24, 0.001244, of, 4, records,   speed:, 5.2e-05, 
30, 0.000191, of, 4, records,   speed:, 6e-06, 
36, 0.002614, of, 4, records,   speed:, 7.3e-05, 
42, 0.000366, of, 4, records,   speed:, 9e-06, 
100, -0.000258, of, 6, records,   speed:, -3e-06, 
1, 0.002362, of, 3, records,   speed:, 0.002362, 
2, 0.000964, of, 7, records,   speed:, 0.000482, 
3, 0.001317, of, 3, records,   speed:, 0.000439, 
4, 0.003327, of, 1, records,   speed:, 0.000832, 
5, 0.002405, of, 7, records,   speed:, 0.000481, 
6, 0.002436, of, 5, records,   speed:, 0.000406, 
9, 0.002444, of, 12, records,   speed:, 0.000272, 
12, 0.002818, of, 3, records,   speed:, 0.000235, 
18, 0.004394, of, 10, records,   speed:, 0.000244, 
24, 0.002693, of, 4, records,   speed:, 0.000112, 
30, 0.000576, of, 4, records,   speed:, 1.9e-05, 
36, 0.003944, of, 4, records,   speed:, 0.00011, 
42, 0.00492, of, 4, records,   speed:, 0.000117, 
100, 0.002753, of, 6, records,   speed:, 2.8e-05, 
AVG error:, 0.0002314, of , 73, records, 
AVGerrorSpeed:, -0.0001425, of , 73, records, 
AVGabsErr:, 0.0026973, of , 73, records speed, 
AVGabsErrSpeed:, 0.0003563, of , 73, records speed, 
****************************************************************************************************, 
 , 
987, 0.3, 
987, 900@DX!teta: 0.3, 15, 10, vtx:, 10, 90, 
sigma: , 9, 
[], 
------------------------------, 
****************************************, 
1, -0.000462, of, 10, records,   speed:, -0.000462, 
2, 0.001687, of, 3, records,   speed:, 0.000843, 
3, 0.003215, of, 1, records,   speed:, 0.001072, 
4, 0.002379, of, 1, records,   speed:, 0.000595, 
5, -0.000967, of, 3, records,   speed:, -0.000193, 
6, -0.000921, of, 7, records,   speed:, -0.000153, 
9, -0.000642, of, 11, records,   speed:, -7.1e-05, 
12, 0.000293, of, 4, records,   speed:, 2.4e-05, 
18, 0.001214, of, 14, records,   speed:, 6.7e-05, 
24, 0.006307, of, 2, records,   speed:, 0.000263, 
30, -0.00081, of, 7, records,   speed:, -2.7e-05, 
36, -0.000472, of, 2, records,   speed:, -1.3e-05, 
42, 0.006431, of, 3, records,   speed:, 0.000153, 
100, -0.000258, of, 6, records,   speed:, -3e-06, 
1, 0.00135, of, 10, records,   speed:, 0.00135, 
2, 0.002084, of, 3, records,   speed:, 0.001042, 
3, 0.003215, of, 1, records,   speed:, 0.001072, 
4, 0.002379, of, 1, records,   speed:, 0.000595, 
5, 0.002972, of, 3, records,   speed:, 0.000594, 
6, 0.00221, of, 7, records,   speed:, 0.000368, 
9, 0.002106, of, 11, records,   speed:, 0.000234, 
12, 0.003193, of, 4, records,   speed:, 0.000266, 
18, 0.003345, of, 14, records,   speed:, 0.000186, 
24, 0.006307, of, 2, records,   speed:, 0.000263, 
30, 0.001248, of, 7, records,   speed:, 4.2e-05, 
36, 0.003608, of, 2, records,   speed:, 0.0001, 
42, 0.00727, of, 3, records,   speed:, 0.000173, 
100, 0.002753, of, 6, records,   speed:, 2.8e-05, 
AVG error:, 0.0004261, of , 74, records, 
AVGerrorSpeed:, -1.44e-05, of , 74, records, 
AVGabsErr:, 0.0026945, of , 74, records speed, 
AVGabsErrSpeed:, 0.0004135, of , 74, records speed, 
****************************************************************************************************, 
 , 
987, 0.6, 
987, 900@DX!teta: 0.6, 15, 10, vtx:, 10, 90, 
sigma: , 9, 
[], 
------------------------------, 
****************************************, 
1, -0.000873, of, 5, records,   speed:, -0.000873, 
2, 0.000212, of, 3, records,   speed:, 0.000106, 
3, 0.002749, of, 1, records,   speed:, 0.000916, 
4, 0.001014, of, 6, records,   speed:, 0.000254, 
5, 0.000365, of, 3, records,   speed:, 7.3e-05, 
6, -0.000883, of, 6, records,   speed:, -0.000147, 
9, -0.000763, of, 9, records,   speed:, -8.5e-05, 
12, -0.000308, of, 3, records,   speed:, -2.6e-05, 
18, -3e-06, of, 16, records,   speed:, -0.0, 
24, 0.001252, of, 6, records,   speed:, 5.2e-05, 
30, 0.000339, of, 7, records,   speed:, 1.1e-05, 
36, 0.003136, of, 1, records,   speed:, 8.7e-05, 
42, 0.004657, of, 2, records,   speed:, 0.000111, 
100, 0.001204, of, 7, records,   speed:, 1.2e-05, 
1, 0.001225, of, 5, records,   speed:, 0.001225, 
2, 0.001448, of, 3, records,   speed:, 0.000724, 
3, 0.002749, of, 1, records,   speed:, 0.000916, 
4, 0.002319, of, 6, records,   speed:, 0.00058, 
5, 0.002583, of, 3, records,   speed:, 0.000517, 
6, 0.002474, of, 6, records,   speed:, 0.000412, 
9, 0.00239, of, 9, records,   speed:, 0.000266, 
12, 0.002439, of, 3, records,   speed:, 0.000203, 
18, 0.002818, of, 16, records,   speed:, 0.000157, 
24, 0.00324, of, 6, records,   speed:, 0.000135, 
30, 0.002298, of, 7, records,   speed:, 7.7e-05, 
36, 0.003136, of, 1, records,   speed:, 8.7e-05, 
42, 0.005914, of, 2, records,   speed:, 0.000141, 
100, 0.003785, of, 7, records,   speed:, 3.8e-05, 
AVG error:, 0.0003177, of , 75, records, 
AVGerrorSpeed:, -3.1e-05, of , 75, records, 
AVGabsErr:, 0.002675, of , 75, records speed, 
AVGabsErrSpeed:, 0.0003227, of , 75, records speed, 
****************************************************************************************************, 
 , 
987, 0.9, 
987, 900@DX!teta: 0.9, 15, 10, vtx:, 10, 90, 
sigma: , 9, 
[], 
------------------------------, 
****************************************, 
1, -0.000283, of, 5, records,   speed:, -0.000283, 
2, 0.002208, of, 2, records,   speed:, 0.001104, 
3, -0.000596, of, 1, records,   speed:, -0.000199, 
4, 0.001942, of, 2, records,   speed:, 0.000486, 
5, 0.000617, of, 2, records,   speed:, 0.000123, 
6, -0.001288, of, 4, records,   speed:, -0.000215, 
9, -0.000505, of, 16, records,   speed:, -5.6e-05, 
12, -0.000308, of, 6, records,   speed:, -2.6e-05, 
18, 0.000474, of, 10, records,   speed:, 2.6e-05, 
24, 0.000591, of, 11, records,   speed:, 2.5e-05, 
30, 0.001895, of, 3, records,   speed:, 6.3e-05, 
36, -0.000681, of, 4, records,   speed:, -1.9e-05, 
42, 0.002406, of, 3, records,   speed:, 5.7e-05, 
100, 0.002093, of, 6, records,   speed:, 2.1e-05, 
1, 0.001743, of, 5, records,   speed:, 0.001743, 
2, 0.002208, of, 2, records,   speed:, 0.001104, 
3, 0.000596, of, 1, records,   speed:, 0.000199, 
4, 0.001942, of, 2, records,   speed:, 0.000486, 
5, 0.001874, of, 2, records,   speed:, 0.000375, 
6, 0.002896, of, 4, records,   speed:, 0.000483, 
9, 0.002438, of, 16, records,   speed:, 0.000271, 
12, 0.002554, of, 6, records,   speed:, 0.000213, 
18, 0.003161, of, 10, records,   speed:, 0.000176, 
24, 0.00229, of, 11, records,   speed:, 9.5e-05, 
30, 0.002926, of, 3, records,   speed:, 9.8e-05, 
36, 0.00299, of, 4, records,   speed:, 8.3e-05, 
42, 0.004642, of, 3, records,   speed:, 0.000111, 
100, 0.003728, of, 6, records,   speed:, 3.7e-05, 
AVG error:, 0.0003523, of , 75, records, 
AVGerrorSpeed:, 1.13e-05, of , 75, records, 
AVGabsErr:, 0.0026814, of , 75, records speed, 
AVGabsErrSpeed:, 0.0003249, of , 75, records speed, 
****************************************************************************************************, 
 , 
987, 1.2, 
987, 900@DX!teta: 1.2, 15, 10, vtx:, 10, 90, 
sigma: , 9, 
[], 
------------------------------, 
****************************************, 
1, -0.000158, of, 4, records,   speed:, -0.000158, 
2, -0.001919, of, 2, records,   speed:, -0.00096, 
3, -0.000596, of, 1, records,   speed:, -0.000199, 
4, 0.001824, of, 2, records,   speed:, 0.000456, 
5, 0.002577, of, 3, records,   speed:, 0.000515, 
6, -0.002521, of, 2, records,   speed:, -0.00042, 
9, -0.000415, of, 14, records,   speed:, -4.6e-05, 
12, 0.000723, of, 9, records,   speed:, 6e-05, 
18, 0.000324, of, 11, records,   speed:, 1.8e-05, 
24, 0.001668, of, 5, records,   speed:, 7e-05, 
30, 7.9e-05, of, 6, records,   speed:, 3e-06, 
36, -0.00054, of, 4, records,   speed:, -1.5e-05, 
42, -0.000941, of, 4, records,   speed:, -2.2e-05, 
100, 0.002629, of, 8, records,   speed:, 2.6e-05, 
1, 0.002373, of, 4, records,   speed:, 0.002373, 
2, 0.002161, of, 2, records,   speed:, 0.00108, 
3, 0.000596, of, 1, records,   speed:, 0.000199, 
4, 0.001824, of, 2, records,   speed:, 0.000456, 
5, 0.002577, of, 3, records,   speed:, 0.000515, 
6, 0.002521, of, 2, records,   speed:, 0.00042, 
9, 0.00246, of, 14, records,   speed:, 0.000273, 
12, 0.002532, of, 9, records,   speed:, 0.000211, 
18, 0.002424, of, 11, records,   speed:, 0.000135, 
24, 0.002553, of, 5, records,   speed:, 0.000106, 
30, 0.00311, of, 6, records,   speed:, 0.000104, 
36, 0.003297, of, 4, records,   speed:, 9.2e-05, 
42, 0.001682, of, 4, records,   speed:, 4e-05, 
100, 0.004379, of, 8, records,   speed:, 4.4e-05, 
AVG error:, 0.0003928, of , 75, records, 
AVGerrorSpeed:, -8.2e-06, of , 75, records, 
AVGabsErr:, 0.0026814, of , 75, records speed, 
AVGabsErrSpeed:, 0.0003252, of , 75, records speed, 
****************************************************************************************************, 
 , 
987, 1.5, 
987, 900@DX!teta: 1.5, 15, 10, vtx:, 10, 90, 
sigma: , 9, 
[], 
------------------------------, 
****************************************, 
1, -7.4e-05, of, 3, records,   speed:, -7.4e-05, 
2, 0.000659, of, 1, records,   speed:, 0.000329, 
3, 0.000885, of, 3, records,   speed:, 0.000295, 
4, 0.000234, of, 2, records,   speed:, 5.9e-05, 
5, -0.002231, of, 2, records,   speed:, -0.000446, 
6, 0.00064, of, 1, records,   speed:, 0.000107, 
9, -0.000613, of, 13, records,   speed:, -6.8e-05, 
12, 0.000919, of, 8, records,   speed:, 7.7e-05, 
18, 0.00052, of, 11, records,   speed:, 2.9e-05, 
24, 0.000412, of, 8, records,   speed:, 1.7e-05, 
30, -0.000281, of, 5, records,   speed:, -9e-06, 
36, -0.000352, of, 3, records,   speed:, -1e-05, 
42, -0.002977, of, 3, records,   speed:, -7.1e-05, 
100, 0.001742, of, 12, records,   speed:, 1.7e-05, 
1, 0.001735, of, 3, records,   speed:, 0.001735, 
2, 0.000659, of, 1, records,   speed:, 0.000329, 
3, 0.001282, of, 3, records,   speed:, 0.000427, 
4, 0.002256, of, 2, records,   speed:, 0.000564, 
5, 0.002231, of, 2, records,   speed:, 0.000446, 
6, 0.00064, of, 1, records,   speed:, 0.000107, 
9, 0.002657, of, 13, records,   speed:, 0.000295, 
12, 0.002572, of, 8, records,   speed:, 0.000214, 
18, 0.002921, of, 11, records,   speed:, 0.000162, 
24, 0.001985, of, 8, records,   speed:, 8.3e-05, 
30, 0.003432, of, 5, records,   speed:, 0.000114, 
36, 0.002442, of, 3, records,   speed:, 6.8e-05, 
42, 0.002977, of, 3, records,   speed:, 7.1e-05, 
100, 0.003574, of, 12, records,   speed:, 3.6e-05, 
AVG error:, 0.0002355, of , 75, records, 
AVGerrorSpeed:, 5.7e-06, of , 75, records, 
AVGabsErr:, 0.0026501, of , 75, records speed, 
AVGabsErrSpeed:, 0.0002448, of , 75, records speed, 
****************************************************************************************************, 
 , 
987, 0.0, 
987, 900@DX!teta: 0.0, 15, 10, vtx:, 10, 90, 
sigma: , 9, 
[], 
------------------------------, 
****************************************, 
1, 1.8e-05, of, 830, records,   speed:, 1.8e-05, 
2, 0.000393, of, 590, records,   speed:, 0.000197, 
3, 0.000331, of, 505, records,   speed:, 0.00011, 
4, 0.000351, of, 524, records,   speed:, 8.8e-05, 
5, 0.000371, of, 499, records,   speed:, 7.4e-05, 
6, 0.000581, of, 444, records,   speed:, 9.7e-05, 
9, 0.000776, of, 1155, records,   speed:, 8.6e-05, 
12, 0.001054, of, 921, records,   speed:, 8.8e-05, 
18, 0.001332, of, 1184, records,   speed:, 7.4e-05, 
24, 0.001167, of, 694, records,   speed:, 4.9e-05, 
30, 0.001313, of, 374, records,   speed:, 4.4e-05, 
36, 0.001448, of, 231, records,   speed:, 4e-05, 
42, 0.001107, of, 142, records,   speed:, 2.6e-05, 
100, 0.000955, of, 521, records,   speed:, 1e-05, 
1, 0.002553, of, 830, records,   speed:, 0.002553, 
2, 0.002687, of, 590, records,   speed:, 0.001344, 
3, 0.002713, of, 505, records,   speed:, 0.000904, 
4, 0.002618, of, 524, records,   speed:, 0.000654, 
5, 0.00269, of, 499, records,   speed:, 0.000538, 
6, 0.002863, of, 444, records,   speed:, 0.000477, 
9, 0.002842, of, 1155, records,   speed:, 0.000316, 
12, 0.002913, of, 921, records,   speed:, 0.000243, 
18, 0.002808, of, 1184, records,   speed:, 0.000156, 
24, 0.002737, of, 694, records,   speed:, 0.000114, 
30, 0.002676, of, 374, records,   speed:, 8.9e-05, 
36, 0.002881, of, 231, records,   speed:, 8e-05, 
42, 0.002821, of, 142, records,   speed:, 6.7e-05, 
100, 0.002545, of, 521, records,   speed:, 2.5e-05, 
AVG error:, 0.0007863, of , 8614, records, 
AVGerrorSpeed:, 7.53e-05, of , 8614, records, 
AVGabsErr:, 0.0027446, of , 8614, records speed, 
AVGabsErrSpeed:, 0.0005942, of , 8614, records speed, 
****************************************************************************************************, 
 , 
987, 0.3, 
987, 900@DX!teta: 0.3, 15, 10, vtx:, 10, 90, 
sigma: , 9, 
[], 
------------------------------, 
****************************************, 
1, 0.000294, of, 879, records,   speed:, 0.000294, 
2, 9.9e-05, of, 542, records,   speed:, 4.9e-05, 
3, 0.000472, of, 498, records,   speed:, 0.000157, 
4, 0.000596, of, 516, records,   speed:, 0.000149, 
5, 0.000259, of, 453, records,   speed:, 5.2e-05, 
6, 0.000281, of, 452, records,   speed:, 4.7e-05, 
9, 0.000894, of, 1098, records,   speed:, 9.9e-05, 
12, 0.000958, of, 950, records,   speed:, 8e-05, 
18, 0.001183, of, 1199, records,   speed:, 6.6e-05, 
24, 0.001321, of, 722, records,   speed:, 5.5e-05, 
30, 0.001262, of, 391, records,   speed:, 4.2e-05, 
36, 0.001614, of, 227, records,   speed:, 4.5e-05, 
42, 0.000944, of, 156, records,   speed:, 2.2e-05, 
100, 0.00091, of, 570, records,   speed:, 9e-06, 
1, 0.002601, of, 879, records,   speed:, 0.002601, 
2, 0.002651, of, 542, records,   speed:, 0.001326, 
3, 0.002649, of, 498, records,   speed:, 0.000883, 
4, 0.002882, of, 516, records,   speed:, 0.000721, 
5, 0.002695, of, 453, records,   speed:, 0.000539, 
6, 0.002671, of, 452, records,   speed:, 0.000445, 
9, 0.0028, of, 1098, records,   speed:, 0.000311, 
12, 0.00283, of, 950, records,   speed:, 0.000236, 
18, 0.002793, of, 1199, records,   speed:, 0.000155, 
24, 0.002782, of, 722, records,   speed:, 0.000116, 
30, 0.002743, of, 391, records,   speed:, 9.1e-05, 
36, 0.003157, of, 227, records,   speed:, 8.8e-05, 
42, 0.00299, of, 156, records,   speed:, 7.1e-05, 
100, 0.002431, of, 570, records,   speed:, 2.4e-05, 
AVG error:, 0.000796, of , 8653, records, 
AVGerrorSpeed:, 9.52e-05, of , 8653, records, 
AVGabsErr:, 0.002741, of , 8653, records speed, 
AVGabsErrSpeed:, 0.0005983, of , 8653, records speed, 
****************************************************************************************************, 
 , 
987, 0.6, 
987, 900@DX!teta: 0.6, 15, 10, vtx:, 10, 90, 
sigma: , 9, 
[], 
------------------------------, 
****************************************, 
1, 0.000146, of, 860, records,   speed:, 0.000146, 
2, 0.000549, of, 502, records,   speed:, 0.000275, 
3, 0.000559, of, 521, records,   speed:, 0.000186, 
4, 0.000372, of, 495, records,   speed:, 9.3e-05, 
5, 0.000452, of, 448, records,   speed:, 9e-05, 
6, 0.000585, of, 415, records,   speed:, 9.8e-05, 
9, 0.000727, of, 1076, records,   speed:, 8.1e-05, 
12, 0.001028, of, 916, records,   speed:, 8.6e-05, 
18, 0.001129, of, 1217, records,   speed:, 6.3e-05, 
24, 0.001243, of, 735, records,   speed:, 5.2e-05, 
30, 0.001396, of, 450, records,   speed:, 4.7e-05, 
36, 0.001648, of, 226, records,   speed:, 4.6e-05, 
42, 0.000927, of, 177, records,   speed:, 2.2e-05, 
100, 0.000827, of, 637, records,   speed:, 8e-06, 
1, 0.002603, of, 860, records,   speed:, 0.002603, 
2, 0.002789, of, 502, records,   speed:, 0.001395, 
3, 0.002623, of, 521, records,   speed:, 0.000874, 
4, 0.002719, of, 495, records,   speed:, 0.00068, 
5, 0.002632, of, 448, records,   speed:, 0.000526, 
6, 0.002651, of, 415, records,   speed:, 0.000442, 
9, 0.002725, of, 1076, records,   speed:, 0.000303, 
12, 0.002856, of, 916, records,   speed:, 0.000238, 
18, 0.002832, of, 1217, records,   speed:, 0.000157, 
24, 0.002767, of, 735, records,   speed:, 0.000115, 
30, 0.002733, of, 450, records,   speed:, 9.1e-05, 
36, 0.00298, of, 226, records,   speed:, 8.3e-05, 
42, 0.002987, of, 177, records,   speed:, 7.1e-05, 
100, 0.002512, of, 637, records,   speed:, 2.5e-05, 
AVG error:, 0.0008097, of , 8675, records, 
AVGerrorSpeed:, 9.31e-05, of , 8675, records, 
AVGabsErr:, 0.0027311, of , 8675, records speed, 
AVGabsErrSpeed:, 0.0005831, of , 8675, records speed, 
****************************************************************************************************, 
 , 
987, 0.9, 
987, 900@DX!teta: 0.9, 15, 10, vtx:, 10, 90, 
sigma: , 9, 
[], 
------------------------------, 
****************************************, 
1, 0.000425, of, 762, records,   speed:, 0.000425, 
2, 0.000632, of, 507, records,   speed:, 0.000316, 
3, 0.000433, of, 488, records,   speed:, 0.000144, 
4, 0.000674, of, 457, records,   speed:, 0.000168, 
5, 0.000629, of, 409, records,   speed:, 0.000126, 
6, 0.000407, of, 426, records,   speed:, 6.8e-05, 
9, 0.000803, of, 1115, records,   speed:, 8.9e-05, 
12, 0.000884, of, 877, records,   speed:, 7.4e-05, 
18, 0.001055, of, 1234, records,   speed:, 5.9e-05, 
24, 0.001098, of, 743, records,   speed:, 4.6e-05, 
30, 0.001321, of, 446, records,   speed:, 4.4e-05, 
36, 0.001244, of, 293, records,   speed:, 3.5e-05, 
42, 0.001441, of, 174, records,   speed:, 3.4e-05, 
100, 0.000797, of, 728, records,   speed:, 8e-06, 
1, 0.002618, of, 762, records,   speed:, 0.002618, 
2, 0.002772, of, 507, records,   speed:, 0.001386, 
3, 0.002735, of, 488, records,   speed:, 0.000912, 
4, 0.002581, of, 457, records,   speed:, 0.000645, 
5, 0.002745, of, 409, records,   speed:, 0.000549, 
6, 0.002715, of, 426, records,   speed:, 0.000453, 
9, 0.002631, of, 1115, records,   speed:, 0.000292, 
12, 0.002858, of, 877, records,   speed:, 0.000238, 
18, 0.002845, of, 1234, records,   speed:, 0.000158, 
24, 0.002772, of, 743, records,   speed:, 0.000115, 
30, 0.002657, of, 446, records,   speed:, 8.9e-05, 
36, 0.002878, of, 293, records,   speed:, 8e-05, 
42, 0.003153, of, 174, records,   speed:, 7.5e-05, 
100, 0.002538, of, 728, records,   speed:, 2.5e-05, 
AVG error:, 0.0008276, of , 8659, records, 
AVGerrorSpeed:, 0.0001183, of , 8659, records, 
AVGabsErr:, 0.0027289, of , 8659, records speed, 
AVGabsErrSpeed:, 0.0005503, of , 8659, records speed, 
****************************************************************************************************, 
 , 
987, 1.2, 
987, 900@DX!teta: 1.2, 15, 10, vtx:, 10, 90, 
sigma: , 9, 
[], 
------------------------------, 
****************************************, 
1, 0.000473, of, 751, records,   speed:, 0.000473, 
2, 0.000462, of, 468, records,   speed:, 0.000231, 
3, 0.000502, of, 442, records,   speed:, 0.000167, 
4, 0.00077, of, 469, records,   speed:, 0.000192, 
5, 0.000768, of, 399, records,   speed:, 0.000154, 
6, 0.000481, of, 380, records,   speed:, 8e-05, 
9, 0.000658, of, 1036, records,   speed:, 7.3e-05, 
12, 0.000922, of, 934, records,   speed:, 7.7e-05, 
18, 0.000963, of, 1222, records,   speed:, 5.4e-05, 
24, 0.001144, of, 769, records,   speed:, 4.8e-05, 
30, 0.001045, of, 472, records,   speed:, 3.5e-05, 
36, 0.001394, of, 314, records,   speed:, 3.9e-05, 
42, 0.001127, of, 208, records,   speed:, 2.7e-05, 
100, 0.000751, of, 828, records,   speed:, 8e-06, 
1, 0.002692, of, 751, records,   speed:, 0.002692, 
2, 0.002711, of, 468, records,   speed:, 0.001355, 
3, 0.002837, of, 442, records,   speed:, 0.000946, 
4, 0.002642, of, 469, records,   speed:, 0.000661, 
5, 0.002753, of, 399, records,   speed:, 0.000551, 
6, 0.002626, of, 380, records,   speed:, 0.000438, 
9, 0.002621, of, 1036, records,   speed:, 0.000291, 
12, 0.002808, of, 934, records,   speed:, 0.000234, 
18, 0.002852, of, 1222, records,   speed:, 0.000158, 
24, 0.00283, of, 769, records,   speed:, 0.000118, 
30, 0.002633, of, 472, records,   speed:, 8.8e-05, 
36, 0.002923, of, 314, records,   speed:, 8.1e-05, 
42, 0.002934, of, 208, records,   speed:, 7e-05, 
100, 0.002593, of, 828, records,   speed:, 2.6e-05, 
AVG error:, 0.0008088, of , 8692, records, 
AVGerrorSpeed:, 0.0001161, of , 8692, records, 
AVGabsErr:, 0.0027378, of , 8692, records speed, 
AVGabsErrSpeed:, 0.0005381, of , 8692, records speed, 
****************************************************************************************************, 
 , 
987, 1.5, 
987, 900@DX!teta: 1.5, 15, 10, vtx:, 10, 90, 
sigma: , 9, 
[], 
------------------------------, 
****************************************, 
1, 0.000482, of, 719, records,   speed:, 0.000482, 
2, 0.00047, of, 422, records,   speed:, 0.000235, 
3, 0.000511, of, 434, records,   speed:, 0.00017, 
4, 0.000668, of, 425, records,   speed:, 0.000167, 
5, 0.000592, of, 396, records,   speed:, 0.000118, 
6, 0.000753, of, 363, records,   speed:, 0.000125, 
9, 0.000545, of, 1010, records,   speed:, 6.1e-05, 
12, 0.000901, of, 873, records,   speed:, 7.5e-05, 
18, 0.000929, of, 1262, records,   speed:, 5.2e-05, 
24, 0.001008, of, 763, records,   speed:, 4.2e-05, 
30, 0.000922, of, 527, records,   speed:, 3.1e-05, 
36, 0.001309, of, 344, records,   speed:, 3.6e-05, 
42, 0.000804, of, 211, records,   speed:, 1.9e-05, 
100, 0.000694, of, 961, records,   speed:, 7e-06, 
1, 0.002606, of, 719, records,   speed:, 0.002606, 
2, 0.002585, of, 422, records,   speed:, 0.001292, 
3, 0.002804, of, 434, records,   speed:, 0.000935, 
4, 0.00284, of, 425, records,   speed:, 0.00071, 
5, 0.002582, of, 396, records,   speed:, 0.000516, 
6, 0.002931, of, 363, records,   speed:, 0.000489, 
9, 0.002574, of, 1010, records,   speed:, 0.000286, 
12, 0.002852, of, 873, records,   speed:, 0.000238, 
18, 0.002842, of, 1262, records,   speed:, 0.000158, 
24, 0.002795, of, 763, records,   speed:, 0.000116, 
30, 0.002692, of, 527, records,   speed:, 9e-05, 
36, 0.002758, of, 344, records,   speed:, 7.7e-05, 
42, 0.003058, of, 211, records,   speed:, 7.3e-05, 
100, 0.002598, of, 961, records,   speed:, 2.6e-05, 
AVG error:, 0.000759, of , 8710, records, 
AVGerrorSpeed:, 0.0001086, of , 8710, records, 
AVGabsErr:, 0.0027316, of , 8710, records speed, 
AVGabsErrSpeed:, 0.000506, of , 8710, records speed, 
****************************************************************************************************, 
 , 
