0.993, 1000@20, 15, 1, vtx:, 10, 90, 
sigma: , 9, 
[], 
------------------------------, 
****************************************, 
-7, -0.002308, of, 1, records,   speed:, -0.00033, 
-5, -0.005031, of, 1, records,   speed:, -0.001006, 
-4, 0.000203, of, 2, records,   speed:, 5.1e-05, 
-3, -0.000301, of, 9, records,   speed:, -0.0001, 
-2, -0.001213, of, 11, records,   speed:, -0.000607, 
-1, 0.0003, of, 25, records,   speed:, 0.0003, 
1, 0.000651, of, 22, records,   speed:, 0.000651, 
2, 0.001848, of, 11, records,   speed:, 0.000924, 
3, 0.001457, of, 4, records,   speed:, 0.000486, 
4, 0.003764, of, 3, records,   speed:, 0.000941, 
8, -0.000564, of, 1, records,   speed:, -7.1e-05, 
0.98, 1000@20, 15, 2, vtx:, 10, 90, 
sigma: , 9, 
[], 
------------------------------, 
****************************************, 
-15, 0.000146, of, 1, records,   speed:, 1e-05, 
-10, 0.005864, of, 1, records,   speed:, 0.000586, 
-9, -0.000506, of, 1, records,   speed:, -5.6e-05, 
-8, 0.000204, of, 2, records,   speed:, 2.6e-05, 
-7, -0.002036, of, 4, records,   speed:, -0.000291, 
-6, -0.002135, of, 6, records,   speed:, -0.000356, 
-5, -0.00193, of, 3, records,   speed:, -0.000386, 
-4, -0.001251, of, 12, records,   speed:, -0.000313, 
-3, -0.000389, of, 15, records,   speed:, -0.00013, 
-2, -0.001167, of, 35, records,   speed:, -0.000584, 
-1, -0.000545, of, 77, records,   speed:, -0.000545, 
1, 0.000111, of, 73, records,   speed:, 0.000111, 
2, 0.000916, of, 36, records,   speed:, 0.000458, 
3, 9e-06, of, 16, records,   speed:, 3e-06, 
4, 0.002175, of, 11, records,   speed:, 0.000544, 
5, 0.001808, of, 3, records,   speed:, 0.000362, 
6, 0.001597, of, 3, records,   speed:, 0.000266, 
7, -0.001416, of, 2, records,   speed:, -0.000202, 
8, -0.001575, of, 2, records,   speed:, -0.000197, 
9, -0.000348, of, 2, records,   speed:, -3.9e-05, 
11, 0.003142, of, 2, records,   speed:, 0.000286, 
13, 0.002017, of, 1, records,   speed:, 0.000155, 
18, 0.000555, of, 1, records,   speed:, 3.1e-05, 
21, 0.00147, of, 1, records,   speed:, 7e-05, 
